[ 2016-10-17T16:52:43+08:00 ] 127.0.0.1 /Client/manage/mid/81.aspx
INFO: [ app_begin ] --START--
INFO: Run Behavior\ReadHtmlCacheBehavior [ RunTime:0.002000s ]
INFO: [ app_begin ] --END-- [ RunTime:0.003000s ]
NOTIC: [8] A session had already been started - ignoring session_start() F:\webroot\Meeting\TPFramework\Common\functions.php 第 1263 行.
NOTIC: [8] Constant UPLOAD_PATH already defined F:\webroot\Meeting\Project\Core\Logic\CoreLogic.class.php 第 20 行.
NOTIC: [8] Constant QRCODE_PATH already defined F:\webroot\Meeting\Project\Core\Logic\CoreLogic.class.php 第 22 行.
SQL: SHOW COLUMNS FROM `system_permission` [ RunTime:0.0030s ]
SQL: select `id`, `code`, `name`, 1 `type`, `group_code`, `group_name` from system_permission where id in (
	select pid from system_assign_permission WHERE `type` = 1 and `oid` = 2 -- 员工权限
)
union
select `id`, `code`, `name`, 0 `type`, `group_code`, `group_name`
from system_permission where id in (
	select pid from system_assign_permission where `type` = 0 and `oid` in ( -- 角色权限
		select rid from user_assign_role join system_role on system_role.id = user_assign_role.rid where `type` = 0 and `oid` = 2 and system_role.status != 2
	)
) [ RunTime:0.0040s ]
SQL: SHOW COLUMNS FROM `user_assign_role` [ RunTime:0.0030s ]
SQL: SHOW COLUMNS FROM `workflow_meeting` [ RunTime:0.0030s ]
SQL: SELECT sub.effect FROM user_assign_role main INNER JOIN system_role sub on sub.id = main.rid  WHERE main.type = 0 AND main.oid = 2 AND sub.status <> 2  [ RunTime:0.0020s ]
SQL: SELECT * FROM `workflow_meeting` ORDER BY creatime desc  [ RunTime:0.0040s ]
SQL: SHOW COLUMNS FROM `user_employee` [ RunTime:0.0040s ]
SQL: SHOW COLUMNS FROM `user_employee` [ RunTime:0.0020s ]
SQL: SELECT * FROM `user_employee` WHERE `id` = 2 LIMIT 1   [ RunTime:0.0010s ]
NOTIC: [8] Constant UPLOAD_PATH already defined F:\webroot\Meeting\Project\Core\Logic\CoreLogic.class.php 第 20 行.
NOTIC: [8] Constant QRCODE_PATH already defined F:\webroot\Meeting\Project\Core\Logic\CoreLogic.class.php 第 22 行.
NOTIC: [8] Constant UPLOAD_PATH already defined F:\webroot\Meeting\Project\Core\Logic\CoreLogic.class.php 第 20 行.
NOTIC: [8] Constant QRCODE_PATH already defined F:\webroot\Meeting\Project\Core\Logic\CoreLogic.class.php 第 22 行.
NOTIC: [8] Constant UPLOAD_PATH already defined F:\webroot\Meeting\Project\Core\Logic\CoreLogic.class.php 第 20 行.
NOTIC: [8] Constant QRCODE_PATH already defined F:\webroot\Meeting\Project\Core\Logic\CoreLogic.class.php 第 22 行.
SQL: select `id`, `code`, `name`, 1 `type`, `group_code`, `group_name` from system_permission where id in (
	select pid from system_assign_permission WHERE `type` = 1 and `oid` = 2 -- 员工权限
)
union
select `id`, `code`, `name`, 0 `type`, `group_code`, `group_name`
from system_permission where id in (
	select pid from system_assign_permission where `type` = 0 and `oid` in ( -- 角色权限
		select rid from user_assign_role join system_role on system_role.id = user_assign_role.rid where `type` = 0 and `oid` = 2 and system_role.status != 2
	)
) [ RunTime:0.0030s ]
SQL: SELECT sub.effect FROM user_assign_role main INNER JOIN system_role sub on sub.id = main.rid  WHERE main.type = 0 AND main.oid = 2 AND sub.status <> 2  [ RunTime:0.0020s ]
SQL: SELECT * FROM `workflow_meeting` ORDER BY creatime desc  [ RunTime:0.0010s ]
SQL: SHOW COLUMNS FROM `workflow_join` [ RunTime:0.0030s ]
SQL: SELECT sub.*,`mid`,`registration_date`,`sign_code`,`sign_qrcode`,`print_status`,`print_times`,`sign_time`,`sign_status`,`review_status`,`review_time`,`sign_type`,main.id id,sub.id cid FROM workflow_join main join user_client sub on main.cid = sub.id  WHERE sub.id = 999 AND `mid` = 81 LIMIT 1   [ RunTime:0.0030s ]
NOTIC: [8] Undefined index: validate F:\webroot\Meeting\TPFramework\Library\Think\Model.class.php 第 1183 行.
NOTIC: [8] Undefined index: auto F:\webroot\Meeting\TPFramework\Library\Think\Model.class.php 第 1126 行.
SQL: UPDATE `workflow_join` SET `sign_status`='2',`sign_time`=NULL WHERE `id` IN ('983') [ RunTime:0.0210s ]
NOTIC: [8] Constant UPLOAD_PATH already defined F:\webroot\Meeting\Project\Core\Logic\CoreLogic.class.php 第 20 行.
NOTIC: [8] Constant QRCODE_PATH already defined F:\webroot\Meeting\Project\Core\Logic\CoreLogic.class.php 第 22 行.
NOTIC: [8] Constant UPLOAD_PATH already defined F:\webroot\Meeting\Project\Core\Logic\CoreLogic.class.php 第 20 行.
NOTIC: [8] Constant QRCODE_PATH already defined F:\webroot\Meeting\Project\Core\Logic\CoreLogic.class.php 第 22 行.
NOTIC: [8] Constant UPLOAD_PATH already defined F:\webroot\Meeting\Project\Core\Logic\CoreLogic.class.php 第 20 行.
NOTIC: [8] Constant QRCODE_PATH already defined F:\webroot\Meeting\Project\Core\Logic\CoreLogic.class.php 第 22 行.
SQL: select `id`, `code`, `name`, 1 `type`, `group_code`, `group_name` from system_permission where id in (
	select pid from system_assign_permission WHERE `type` = 1 and `oid` = 2 -- 员工权限
)
union
select `id`, `code`, `name`, 0 `type`, `group_code`, `group_name`
from system_permission where id in (
	select pid from system_assign_permission where `type` = 0 and `oid` in ( -- 角色权限
		select rid from user_assign_role join system_role on system_role.id = user_assign_role.rid where `type` = 0 and `oid` = 2 and system_role.status != 2
	)
) [ RunTime:0.0030s ]
SQL: SELECT sub.effect FROM user_assign_role main INNER JOIN system_role sub on sub.id = main.rid  WHERE main.type = 0 AND main.oid = 2 AND sub.status <> 2  [ RunTime:0.0020s ]
SQL: SELECT * FROM `workflow_meeting` ORDER BY creatime desc  [ RunTime:0.0010s ]
SQL: SHOW COLUMNS FROM `user_weixin_id` [ RunTime:0.0040s ]
SQL: SHOW COLUMNS FROM `workflow_assign_message` [ RunTime:0.0010s ]
SQL: SHOW COLUMNS FROM `user_client` [ RunTime:0.0020s ]
NOTIC: [8] Constant UPLOAD_PATH already defined F:\webroot\Meeting\Project\Core\Logic\CoreLogic.class.php 第 20 行.
NOTIC: [8] Constant QRCODE_PATH already defined F:\webroot\Meeting\Project\Core\Logic\CoreLogic.class.php 第 22 行.
NOTIC: [8] Constant UPLOAD_PATH already defined F:\webroot\Meeting\Project\Core\Logic\CoreLogic.class.php 第 20 行.
NOTIC: [8] Constant QRCODE_PATH already defined F:\webroot\Meeting\Project\Core\Logic\CoreLogic.class.php 第 22 行.
SQL: SELECT sub.*,`mid`,main.type assign_type,main.id id,sub.id message_id FROM workflow_assign_message main join workflow_message sub on main.message_id = sub.id  WHERE `mid` = 81 AND main.type = 2 LIMIT 1   [ RunTime:0.0010s ]
SQL: SELECT * FROM `workflow_meeting` WHERE `id` = 81 LIMIT 1   [ RunTime:0.0030s ]
SQL: SELECT * FROM `user_client` WHERE `id` = 999 LIMIT 1   [ RunTime:0.0020s ]
SQL: SELECT * FROM `user_weixin_id` WHERE `mobile` = '' LIMIT 1   [ RunTime:0.0030s ]
NOTIC: [8] Undefined index: sign_code F:\webroot\Meeting\Project\Manager\Logic\MessageLogic.class.php 第 97 行.
NOTIC: [8] Undefined index: contact_id_1 F:\webroot\Meeting\Project\Manager\Logic\MessageLogic.class.php 第 105 行.
NOTIC: [8] Undefined index: contact_id_2 F:\webroot\Meeting\Project\Manager\Logic\MessageLogic.class.php 第 106 行.
NOTIC: [8] Undefined property: SoapClient::$ArrayOfMobileList F:\webroot\Meeting\Project\Core\Logic\SMSLogic.class.php 第 65 行.
NOTIC: [8] Undefined property: SoapClient::$MobileListGroup F:\webroot\Meeting\Project\Core\Logic\SMSLogic.class.php 第 68 行.
NOTIC: [2] Creating default object from empty value F:\webroot\Meeting\Project\Core\Logic\SMSLogic.class.php 第 69 行.
NOTIC: [8] Undefined index: SmsIDList F:\webroot\Meeting\Project\Core\Logic\SMSLogic.class.php 第 76 行.
NOTIC: [2] Invalid argument supplied for foreach() F:\webroot\Meeting\Project\Core\Logic\SMSLogic.class.php 第 76 行.
NOTIC: [8] Undefined index: dept F:\webroot\Meeting\Project\Common\Common\WXCorpUniversalApi.php 第 667 行.
NOTIC: [8] Undefined index: tag F:\webroot\Meeting\Project\Common\Common\WXCorpUniversalApi.php 第 671 行.

[ 2016-10-17T16:56:22+08:00 ] 127.0.0.1 /Client/manage/mid/81.aspx
INFO: [ app_begin ] --START--
INFO: Run Behavior\ReadHtmlCacheBehavior [ RunTime:0.001000s ]
INFO: [ app_begin ] --END-- [ RunTime:0.002000s ]
NOTIC: [8] A session had already been started - ignoring session_start() F:\webroot\Meeting\TPFramework\Common\functions.php 第 1263 行.
NOTIC: [8] Constant UPLOAD_PATH already defined F:\webroot\Meeting\Project\Core\Logic\CoreLogic.class.php 第 20 行.
NOTIC: [8] Constant QRCODE_PATH already defined F:\webroot\Meeting\Project\Core\Logic\CoreLogic.class.php 第 22 行.
SQL: SHOW COLUMNS FROM `system_permission` [ RunTime:0.0020s ]
SQL: select `id`, `code`, `name`, 1 `type`, `group_code`, `group_name` from system_permission where id in (
	select pid from system_assign_permission WHERE `type` = 1 and `oid` = 2 -- 员工权限
)
union
select `id`, `code`, `name`, 0 `type`, `group_code`, `group_name`
from system_permission where id in (
	select pid from system_assign_permission where `type` = 0 and `oid` in ( -- 角色权限
		select rid from user_assign_role join system_role on system_role.id = user_assign_role.rid where `type` = 0 and `oid` = 2 and system_role.status != 2
	)
) [ RunTime:0.0060s ]
SQL: SHOW COLUMNS FROM `user_assign_role` [ RunTime:0.0030s ]
SQL: SHOW COLUMNS FROM `workflow_meeting` [ RunTime:0.0030s ]
SQL: SELECT sub.effect FROM user_assign_role main INNER JOIN system_role sub on sub.id = main.rid  WHERE main.type = 0 AND main.oid = 2 AND sub.status <> 2  [ RunTime:0.0020s ]
SQL: SELECT * FROM `workflow_meeting` ORDER BY creatime desc  [ RunTime:0.0010s ]
SQL: SHOW COLUMNS FROM `user_employee` [ RunTime:0.0020s ]
SQL: SHOW COLUMNS FROM `user_employee` [ RunTime:0.0010s ]
SQL: SELECT * FROM `user_employee` WHERE `id` = 2 LIMIT 1   [ RunTime:0.0020s ]
NOTIC: [8] Constant UPLOAD_PATH already defined F:\webroot\Meeting\Project\Core\Logic\CoreLogic.class.php 第 20 行.
NOTIC: [8] Constant QRCODE_PATH already defined F:\webroot\Meeting\Project\Core\Logic\CoreLogic.class.php 第 22 行.
NOTIC: [8] Constant UPLOAD_PATH already defined F:\webroot\Meeting\Project\Core\Logic\CoreLogic.class.php 第 20 行.
NOTIC: [8] Constant QRCODE_PATH already defined F:\webroot\Meeting\Project\Core\Logic\CoreLogic.class.php 第 22 行.
NOTIC: [8] Constant UPLOAD_PATH already defined F:\webroot\Meeting\Project\Core\Logic\CoreLogic.class.php 第 20 行.
NOTIC: [8] Constant QRCODE_PATH already defined F:\webroot\Meeting\Project\Core\Logic\CoreLogic.class.php 第 22 行.
SQL: select `id`, `code`, `name`, 1 `type`, `group_code`, `group_name` from system_permission where id in (
	select pid from system_assign_permission WHERE `type` = 1 and `oid` = 2 -- 员工权限
)
union
select `id`, `code`, `name`, 0 `type`, `group_code`, `group_name`
from system_permission where id in (
	select pid from system_assign_permission where `type` = 0 and `oid` in ( -- 角色权限
		select rid from user_assign_role join system_role on system_role.id = user_assign_role.rid where `type` = 0 and `oid` = 2 and system_role.status != 2
	)
) [ RunTime:0.0040s ]
SQL: SELECT sub.effect FROM user_assign_role main INNER JOIN system_role sub on sub.id = main.rid  WHERE main.type = 0 AND main.oid = 2 AND sub.status <> 2  [ RunTime:0.0010s ]
SQL: SELECT * FROM `workflow_meeting` ORDER BY creatime desc  [ RunTime:0.0010s ]
SQL: SHOW COLUMNS FROM `workflow_join` [ RunTime:0.0010s ]
SQL: SELECT sub.*,`mid`,`registration_date`,`sign_code`,`sign_qrcode`,`print_status`,`print_times`,`sign_time`,`sign_status`,`review_status`,`review_time`,`sign_type`,main.id id,sub.id cid FROM workflow_join main join user_client sub on main.cid = sub.id  WHERE sub.id = 999 AND `mid` = 81 LIMIT 1   [ RunTime:0.0010s ]
NOTIC: [8] Undefined index: validate F:\webroot\Meeting\TPFramework\Library\Think\Model.class.php 第 1183 行.
NOTIC: [8] Undefined index: auto F:\webroot\Meeting\TPFramework\Library\Think\Model.class.php 第 1126 行.
SQL: UPDATE `workflow_join` SET `sign_status`='2',`sign_time`=NULL WHERE `id` IN ('983') [ RunTime:0.0270s ]

[ 2016-10-17T16:58:27+08:00 ] 127.0.0.1 /Client/manage/mid/81.aspx
INFO: [ app_begin ] --START--
INFO: Run Behavior\ReadHtmlCacheBehavior [ RunTime:0.001000s ]
INFO: [ app_begin ] --END-- [ RunTime:0.001000s ]
NOTIC: [8] A session had already been started - ignoring session_start() F:\webroot\Meeting\TPFramework\Common\functions.php 第 1263 行.
NOTIC: [8] Constant UPLOAD_PATH already defined F:\webroot\Meeting\Project\Core\Logic\CoreLogic.class.php 第 20 行.
NOTIC: [8] Constant QRCODE_PATH already defined F:\webroot\Meeting\Project\Core\Logic\CoreLogic.class.php 第 22 行.
SQL: SHOW COLUMNS FROM `system_permission` [ RunTime:0.0050s ]
SQL: select `id`, `code`, `name`, 1 `type`, `group_code`, `group_name` from system_permission where id in (
	select pid from system_assign_permission WHERE `type` = 1 and `oid` = 2 -- 员工权限
)
union
select `id`, `code`, `name`, 0 `type`, `group_code`, `group_name`
from system_permission where id in (
	select pid from system_assign_permission where `type` = 0 and `oid` in ( -- 角色权限
		select rid from user_assign_role join system_role on system_role.id = user_assign_role.rid where `type` = 0 and `oid` = 2 and system_role.status != 2
	)
) [ RunTime:0.0040s ]
SQL: SHOW COLUMNS FROM `user_assign_role` [ RunTime:0.0020s ]
SQL: SHOW COLUMNS FROM `workflow_meeting` [ RunTime:0.0020s ]
SQL: SELECT sub.effect FROM user_assign_role main INNER JOIN system_role sub on sub.id = main.rid  WHERE main.type = 0 AND main.oid = 2 AND sub.status <> 2  [ RunTime:0.0020s ]
SQL: SELECT * FROM `workflow_meeting` ORDER BY creatime desc  [ RunTime:0.0010s ]
SQL: SHOW COLUMNS FROM `user_employee` [ RunTime:0.0020s ]
SQL: SHOW COLUMNS FROM `user_employee` [ RunTime:0.0010s ]
SQL: SELECT * FROM `user_employee` WHERE `id` = 2 LIMIT 1   [ RunTime:0.0020s ]
NOTIC: [8] Constant UPLOAD_PATH already defined F:\webroot\Meeting\Project\Core\Logic\CoreLogic.class.php 第 20 行.
NOTIC: [8] Constant QRCODE_PATH already defined F:\webroot\Meeting\Project\Core\Logic\CoreLogic.class.php 第 22 行.
NOTIC: [8] Constant UPLOAD_PATH already defined F:\webroot\Meeting\Project\Core\Logic\CoreLogic.class.php 第 20 行.
NOTIC: [8] Constant QRCODE_PATH already defined F:\webroot\Meeting\Project\Core\Logic\CoreLogic.class.php 第 22 行.
NOTIC: [8] Constant UPLOAD_PATH already defined F:\webroot\Meeting\Project\Core\Logic\CoreLogic.class.php 第 20 行.
NOTIC: [8] Constant QRCODE_PATH already defined F:\webroot\Meeting\Project\Core\Logic\CoreLogic.class.php 第 22 行.
SQL: select `id`, `code`, `name`, 1 `type`, `group_code`, `group_name` from system_permission where id in (
	select pid from system_assign_permission WHERE `type` = 1 and `oid` = 2 -- 员工权限
)
union
select `id`, `code`, `name`, 0 `type`, `group_code`, `group_name`
from system_permission where id in (
	select pid from system_assign_permission where `type` = 0 and `oid` in ( -- 角色权限
		select rid from user_assign_role join system_role on system_role.id = user_assign_role.rid where `type` = 0 and `oid` = 2 and system_role.status != 2
	)
) [ RunTime:0.0040s ]
SQL: SELECT sub.effect FROM user_assign_role main INNER JOIN system_role sub on sub.id = main.rid  WHERE main.type = 0 AND main.oid = 2 AND sub.status <> 2  [ RunTime:0.0020s ]
SQL: SELECT * FROM `workflow_meeting` ORDER BY creatime desc  [ RunTime:0.0020s ]
SQL: SHOW COLUMNS FROM `workflow_join` [ RunTime:0.0010s ]
SQL: SELECT sub.*,`mid`,`registration_date`,`sign_code`,`sign_qrcode`,`print_status`,`print_times`,`sign_time`,`sign_status`,`review_status`,`review_time`,`sign_type`,main.id id,sub.id cid FROM workflow_join main join user_client sub on main.cid = sub.id  WHERE sub.id = 999 AND `mid` = 81 LIMIT 1   [ RunTime:0.0010s ]
NOTIC: [8] Undefined index: validate F:\webroot\Meeting\TPFramework\Library\Think\Model.class.php 第 1183 行.
NOTIC: [8] Undefined index: auto F:\webroot\Meeting\TPFramework\Library\Think\Model.class.php 第 1126 行.
SQL: UPDATE `workflow_join` SET `sign_status`='1',`sign_time`='1476694707',`sign_type`='1' WHERE `id` IN ('983') [ RunTime:0.0220s ]
NOTIC: [8] Constant UPLOAD_PATH already defined F:\webroot\Meeting\Project\Core\Logic\CoreLogic.class.php 第 20 行.
NOTIC: [8] Constant QRCODE_PATH already defined F:\webroot\Meeting\Project\Core\Logic\CoreLogic.class.php 第 22 行.
NOTIC: [8] Constant UPLOAD_PATH already defined F:\webroot\Meeting\Project\Core\Logic\CoreLogic.class.php 第 20 行.
NOTIC: [8] Constant QRCODE_PATH already defined F:\webroot\Meeting\Project\Core\Logic\CoreLogic.class.php 第 22 行.
NOTIC: [8] Constant UPLOAD_PATH already defined F:\webroot\Meeting\Project\Core\Logic\CoreLogic.class.php 第 20 行.
NOTIC: [8] Constant QRCODE_PATH already defined F:\webroot\Meeting\Project\Core\Logic\CoreLogic.class.php 第 22 行.
SQL: select `id`, `code`, `name`, 1 `type`, `group_code`, `group_name` from system_permission where id in (
	select pid from system_assign_permission WHERE `type` = 1 and `oid` = 2 -- 员工权限
)
union
select `id`, `code`, `name`, 0 `type`, `group_code`, `group_name`
from system_permission where id in (
	select pid from system_assign_permission where `type` = 0 and `oid` in ( -- 角色权限
		select rid from user_assign_role join system_role on system_role.id = user_assign_role.rid where `type` = 0 and `oid` = 2 and system_role.status != 2
	)
) [ RunTime:0.0030s ]
SQL: SELECT sub.effect FROM user_assign_role main INNER JOIN system_role sub on sub.id = main.rid  WHERE main.type = 0 AND main.oid = 2 AND sub.status <> 2  [ RunTime:0.0010s ]
SQL: SELECT * FROM `workflow_meeting` ORDER BY creatime desc  [ RunTime:0.0020s ]
SQL: SHOW COLUMNS FROM `user_weixin_id` [ RunTime:0.0010s ]
SQL: SHOW COLUMNS FROM `workflow_assign_message` [ RunTime:0.0010s ]
SQL: SHOW COLUMNS FROM `user_client` [ RunTime:0.0030s ]
NOTIC: [8] Constant UPLOAD_PATH already defined F:\webroot\Meeting\Project\Core\Logic\CoreLogic.class.php 第 20 行.
NOTIC: [8] Constant QRCODE_PATH already defined F:\webroot\Meeting\Project\Core\Logic\CoreLogic.class.php 第 22 行.
NOTIC: [8] Constant UPLOAD_PATH already defined F:\webroot\Meeting\Project\Core\Logic\CoreLogic.class.php 第 20 行.
NOTIC: [8] Constant QRCODE_PATH already defined F:\webroot\Meeting\Project\Core\Logic\CoreLogic.class.php 第 22 行.
SQL: SELECT sub.*,`mid`,main.type assign_type,main.id id,sub.id message_id FROM workflow_assign_message main join workflow_message sub on main.message_id = sub.id  WHERE `mid` = 81 AND main.type = 1 LIMIT 1   [ RunTime:0.0030s ]
SQL: SELECT * FROM `workflow_meeting` WHERE `id` = 81 LIMIT 1   [ RunTime:0.0020s ]
SQL: SELECT * FROM `user_client` WHERE `id` = 999 LIMIT 1   [ RunTime:0.0030s ]
SQL: SELECT * FROM `user_weixin_id` WHERE `mobile` = '' LIMIT 1   [ RunTime:0.0030s ]
NOTIC: [8] Undefined index: sign_code F:\webroot\Meeting\Project\Manager\Logic\MessageLogic.class.php 第 97 行.
NOTIC: [8] Undefined index: contact_id_1 F:\webroot\Meeting\Project\Manager\Logic\MessageLogic.class.php 第 105 行.
NOTIC: [8] Undefined index: contact_id_2 F:\webroot\Meeting\Project\Manager\Logic\MessageLogic.class.php 第 106 行.
NOTIC: [8] Undefined property: SoapClient::$ArrayOfMobileList F:\webroot\Meeting\Project\Core\Logic\SMSLogic.class.php 第 65 行.
NOTIC: [8] Undefined property: SoapClient::$MobileListGroup F:\webroot\Meeting\Project\Core\Logic\SMSLogic.class.php 第 68 行.
NOTIC: [2] Creating default object from empty value F:\webroot\Meeting\Project\Core\Logic\SMSLogic.class.php 第 69 行.
NOTIC: [8] Undefined index: SmsIDList F:\webroot\Meeting\Project\Core\Logic\SMSLogic.class.php 第 76 行.
NOTIC: [2] Invalid argument supplied for foreach() F:\webroot\Meeting\Project\Core\Logic\SMSLogic.class.php 第 76 行.
NOTIC: [8] Undefined index: dept F:\webroot\Meeting\Project\Common\Common\WXCorpUniversalApi.php 第 667 行.
NOTIC: [8] Undefined index: tag F:\webroot\Meeting\Project\Common\Common\WXCorpUniversalApi.php 第 671 行.

[ 2016-10-17T16:58:33+08:00 ] 127.0.0.1 /Client/manage/mid/81.aspx
INFO: [ app_begin ] --START--
INFO: Run Behavior\ReadHtmlCacheBehavior [ RunTime:0.000000s ]
INFO: [ app_begin ] --END-- [ RunTime:0.001000s ]
NOTIC: [8] A session had already been started - ignoring session_start() F:\webroot\Meeting\TPFramework\Common\functions.php 第 1263 行.
NOTIC: [8] Constant UPLOAD_PATH already defined F:\webroot\Meeting\Project\Core\Logic\CoreLogic.class.php 第 20 行.
NOTIC: [8] Constant QRCODE_PATH already defined F:\webroot\Meeting\Project\Core\Logic\CoreLogic.class.php 第 22 行.
SQL: SHOW COLUMNS FROM `system_permission` [ RunTime:0.0020s ]
SQL: select `id`, `code`, `name`, 1 `type`, `group_code`, `group_name` from system_permission where id in (
	select pid from system_assign_permission WHERE `type` = 1 and `oid` = 2 -- 员工权限
)
union
select `id`, `code`, `name`, 0 `type`, `group_code`, `group_name`
from system_permission where id in (
	select pid from system_assign_permission where `type` = 0 and `oid` in ( -- 角色权限
		select rid from user_assign_role join system_role on system_role.id = user_assign_role.rid where `type` = 0 and `oid` = 2 and system_role.status != 2
	)
) [ RunTime:0.0040s ]
SQL: SHOW COLUMNS FROM `user_assign_role` [ RunTime:0.0010s ]
SQL: SHOW COLUMNS FROM `workflow_meeting` [ RunTime:0.0020s ]
SQL: SELECT sub.effect FROM user_assign_role main INNER JOIN system_role sub on sub.id = main.rid  WHERE main.type = 0 AND main.oid = 2 AND sub.status <> 2  [ RunTime:0.0010s ]
SQL: SELECT * FROM `workflow_meeting` ORDER BY creatime desc  [ RunTime:0.0020s ]
SQL: SHOW COLUMNS FROM `user_employee` [ RunTime:0.0050s ]
SQL: SHOW COLUMNS FROM `user_employee` [ RunTime:0.0030s ]
SQL: SELECT * FROM `user_employee` WHERE `id` = 2 LIMIT 1   [ RunTime:0.0020s ]
NOTIC: [8] Constant UPLOAD_PATH already defined F:\webroot\Meeting\Project\Core\Logic\CoreLogic.class.php 第 20 行.
NOTIC: [8] Constant QRCODE_PATH already defined F:\webroot\Meeting\Project\Core\Logic\CoreLogic.class.php 第 22 行.
NOTIC: [8] Constant UPLOAD_PATH already defined F:\webroot\Meeting\Project\Core\Logic\CoreLogic.class.php 第 20 行.
NOTIC: [8] Constant QRCODE_PATH already defined F:\webroot\Meeting\Project\Core\Logic\CoreLogic.class.php 第 22 行.
NOTIC: [8] Constant UPLOAD_PATH already defined F:\webroot\Meeting\Project\Core\Logic\CoreLogic.class.php 第 20 行.
NOTIC: [8] Constant QRCODE_PATH already defined F:\webroot\Meeting\Project\Core\Logic\CoreLogic.class.php 第 22 行.
SQL: select `id`, `code`, `name`, 1 `type`, `group_code`, `group_name` from system_permission where id in (
	select pid from system_assign_permission WHERE `type` = 1 and `oid` = 2 -- 员工权限
)
union
select `id`, `code`, `name`, 0 `type`, `group_code`, `group_name`
from system_permission where id in (
	select pid from system_assign_permission where `type` = 0 and `oid` in ( -- 角色权限
		select rid from user_assign_role join system_role on system_role.id = user_assign_role.rid where `type` = 0 and `oid` = 2 and system_role.status != 2
	)
) [ RunTime:0.0050s ]
SQL: SELECT sub.effect FROM user_assign_role main INNER JOIN system_role sub on sub.id = main.rid  WHERE main.type = 0 AND main.oid = 2 AND sub.status <> 2  [ RunTime:0.0020s ]
SQL: SELECT * FROM `workflow_meeting` ORDER BY creatime desc  [ RunTime:0.0010s ]
SQL: SHOW COLUMNS FROM `workflow_join` [ RunTime:0.0010s ]
SQL: SELECT sub.*,`mid`,`registration_date`,`sign_code`,`sign_qrcode`,`print_status`,`print_times`,`sign_time`,`sign_status`,`review_status`,`review_time`,`sign_type`,main.id id,sub.id cid FROM workflow_join main join user_client sub on main.cid = sub.id  WHERE sub.id = 999 AND `mid` = 81 LIMIT 1   [ RunTime:0.0030s ]
NOTIC: [8] Undefined index: validate F:\webroot\Meeting\TPFramework\Library\Think\Model.class.php 第 1183 行.
NOTIC: [8] Undefined index: auto F:\webroot\Meeting\TPFramework\Library\Think\Model.class.php 第 1126 行.
SQL: UPDATE `workflow_join` SET `sign_status`='2',`sign_time`=NULL WHERE `id` IN ('983') [ RunTime:0.0260s ]
NOTIC: [8] Constant UPLOAD_PATH already defined F:\webroot\Meeting\Project\Core\Logic\CoreLogic.class.php 第 20 行.
NOTIC: [8] Constant QRCODE_PATH already defined F:\webroot\Meeting\Project\Core\Logic\CoreLogic.class.php 第 22 行.
NOTIC: [8] Constant UPLOAD_PATH already defined F:\webroot\Meeting\Project\Core\Logic\CoreLogic.class.php 第 20 行.
NOTIC: [8] Constant QRCODE_PATH already defined F:\webroot\Meeting\Project\Core\Logic\CoreLogic.class.php 第 22 行.
NOTIC: [8] Constant UPLOAD_PATH already defined F:\webroot\Meeting\Project\Core\Logic\CoreLogic.class.php 第 20 行.
NOTIC: [8] Constant QRCODE_PATH already defined F:\webroot\Meeting\Project\Core\Logic\CoreLogic.class.php 第 22 行.
SQL: select `id`, `code`, `name`, 1 `type`, `group_code`, `group_name` from system_permission where id in (
	select pid from system_assign_permission WHERE `type` = 1 and `oid` = 2 -- 员工权限
)
union
select `id`, `code`, `name`, 0 `type`, `group_code`, `group_name`
from system_permission where id in (
	select pid from system_assign_permission where `type` = 0 and `oid` in ( -- 角色权限
		select rid from user_assign_role join system_role on system_role.id = user_assign_role.rid where `type` = 0 and `oid` = 2 and system_role.status != 2
	)
) [ RunTime:0.0030s ]
SQL: SELECT sub.effect FROM user_assign_role main INNER JOIN system_role sub on sub.id = main.rid  WHERE main.type = 0 AND main.oid = 2 AND sub.status <> 2  [ RunTime:0.0010s ]
SQL: SELECT * FROM `workflow_meeting` ORDER BY creatime desc  [ RunTime:0.0040s ]
SQL: SHOW COLUMNS FROM `user_weixin_id` [ RunTime:0.0030s ]
SQL: SHOW COLUMNS FROM `workflow_assign_message` [ RunTime:0.0010s ]
SQL: SHOW COLUMNS FROM `user_client` [ RunTime:0.0030s ]
NOTIC: [8] Constant UPLOAD_PATH already defined F:\webroot\Meeting\Project\Core\Logic\CoreLogic.class.php 第 20 行.
NOTIC: [8] Constant QRCODE_PATH already defined F:\webroot\Meeting\Project\Core\Logic\CoreLogic.class.php 第 22 行.
NOTIC: [8] Constant UPLOAD_PATH already defined F:\webroot\Meeting\Project\Core\Logic\CoreLogic.class.php 第 20 行.
NOTIC: [8] Constant QRCODE_PATH already defined F:\webroot\Meeting\Project\Core\Logic\CoreLogic.class.php 第 22 行.
SQL: SELECT sub.*,`mid`,main.type assign_type,main.id id,sub.id message_id FROM workflow_assign_message main join workflow_message sub on main.message_id = sub.id  WHERE `mid` = 81 AND main.type = 2 LIMIT 1   [ RunTime:0.0020s ]
SQL: SELECT * FROM `workflow_meeting` WHERE `id` = 81 LIMIT 1   [ RunTime:0.0020s ]
SQL: SELECT * FROM `user_client` WHERE `id` = 999 LIMIT 1   [ RunTime:0.0020s ]
SQL: SELECT * FROM `user_weixin_id` WHERE `mobile` = '' LIMIT 1   [ RunTime:0.0030s ]
NOTIC: [8] Undefined index: sign_code F:\webroot\Meeting\Project\Manager\Logic\MessageLogic.class.php 第 97 行.
NOTIC: [8] Undefined index: contact_id_1 F:\webroot\Meeting\Project\Manager\Logic\MessageLogic.class.php 第 105 行.
NOTIC: [8] Undefined index: contact_id_2 F:\webroot\Meeting\Project\Manager\Logic\MessageLogic.class.php 第 106 行.
NOTIC: [8] Undefined property: SoapClient::$ArrayOfMobileList F:\webroot\Meeting\Project\Core\Logic\SMSLogic.class.php 第 65 行.
NOTIC: [8] Undefined property: SoapClient::$MobileListGroup F:\webroot\Meeting\Project\Core\Logic\SMSLogic.class.php 第 68 行.
NOTIC: [2] Creating default object from empty value F:\webroot\Meeting\Project\Core\Logic\SMSLogic.class.php 第 69 行.
NOTIC: [8] Undefined index: SmsIDList F:\webroot\Meeting\Project\Core\Logic\SMSLogic.class.php 第 76 行.
NOTIC: [2] Invalid argument supplied for foreach() F:\webroot\Meeting\Project\Core\Logic\SMSLogic.class.php 第 76 行.
NOTIC: [8] Undefined index: dept F:\webroot\Meeting\Project\Common\Common\WXCorpUniversalApi.php 第 667 行.
NOTIC: [8] Undefined index: tag F:\webroot\Meeting\Project\Common\Common\WXCorpUniversalApi.php 第 671 行.

[ 2016-10-17T16:59:59+08:00 ] 127.0.0.1 /Client/manage/mid/81.aspx
INFO: [ app_begin ] --START--
INFO: Run Behavior\ReadHtmlCacheBehavior [ RunTime:0.000000s ]
INFO: [ app_begin ] --END-- [ RunTime:0.002000s ]
NOTIC: [8] A session had already been started - ignoring session_start() F:\webroot\Meeting\TPFramework\Common\functions.php 第 1263 行.
NOTIC: [8] Constant UPLOAD_PATH already defined F:\webroot\Meeting\Project\Core\Logic\CoreLogic.class.php 第 20 行.
NOTIC: [8] Constant QRCODE_PATH already defined F:\webroot\Meeting\Project\Core\Logic\CoreLogic.class.php 第 22 行.
SQL: SHOW COLUMNS FROM `system_permission` [ RunTime:0.0020s ]
SQL: select `id`, `code`, `name`, 1 `type`, `group_code`, `group_name` from system_permission where id in (
	select pid from system_assign_permission WHERE `type` = 1 and `oid` = 2 -- 员工权限
)
union
select `id`, `code`, `name`, 0 `type`, `group_code`, `group_name`
from system_permission where id in (
	select pid from system_assign_permission where `type` = 0 and `oid` in ( -- 角色权限
		select rid from user_assign_role join system_role on system_role.id = user_assign_role.rid where `type` = 0 and `oid` = 2 and system_role.status != 2
	)
) [ RunTime:0.0040s ]
SQL: SHOW COLUMNS FROM `user_assign_role` [ RunTime:0.0010s ]
SQL: SHOW COLUMNS FROM `workflow_meeting` [ RunTime:0.0020s ]
SQL: SELECT sub.effect FROM user_assign_role main INNER JOIN system_role sub on sub.id = main.rid  WHERE main.type = 0 AND main.oid = 2 AND sub.status <> 2  [ RunTime:0.0020s ]
SQL: SELECT * FROM `workflow_meeting` ORDER BY creatime desc  [ RunTime:0.0020s ]
SQL: SHOW COLUMNS FROM `user_employee` [ RunTime:0.0030s ]
SQL: SHOW COLUMNS FROM `user_employee` [ RunTime:0.0020s ]
SQL: SELECT * FROM `user_employee` WHERE `id` = 2 LIMIT 1   [ RunTime:0.0010s ]
NOTIC: [8] Constant UPLOAD_PATH already defined F:\webroot\Meeting\Project\Core\Logic\CoreLogic.class.php 第 20 行.
NOTIC: [8] Constant QRCODE_PATH already defined F:\webroot\Meeting\Project\Core\Logic\CoreLogic.class.php 第 22 行.
NOTIC: [8] Constant UPLOAD_PATH already defined F:\webroot\Meeting\Project\Core\Logic\CoreLogic.class.php 第 20 行.
NOTIC: [8] Constant QRCODE_PATH already defined F:\webroot\Meeting\Project\Core\Logic\CoreLogic.class.php 第 22 行.
NOTIC: [8] Constant UPLOAD_PATH already defined F:\webroot\Meeting\Project\Core\Logic\CoreLogic.class.php 第 20 行.
NOTIC: [8] Constant QRCODE_PATH already defined F:\webroot\Meeting\Project\Core\Logic\CoreLogic.class.php 第 22 行.
SQL: select `id`, `code`, `name`, 1 `type`, `group_code`, `group_name` from system_permission where id in (
	select pid from system_assign_permission WHERE `type` = 1 and `oid` = 2 -- 员工权限
)
union
select `id`, `code`, `name`, 0 `type`, `group_code`, `group_name`
from system_permission where id in (
	select pid from system_assign_permission where `type` = 0 and `oid` in ( -- 角色权限
		select rid from user_assign_role join system_role on system_role.id = user_assign_role.rid where `type` = 0 and `oid` = 2 and system_role.status != 2
	)
) [ RunTime:0.0040s ]
SQL: SELECT sub.effect FROM user_assign_role main INNER JOIN system_role sub on sub.id = main.rid  WHERE main.type = 0 AND main.oid = 2 AND sub.status <> 2  [ RunTime:0.0010s ]
SQL: SELECT * FROM `workflow_meeting` ORDER BY creatime desc  [ RunTime:0.0010s ]
SQL: SHOW COLUMNS FROM `workflow_join` [ RunTime:0.0020s ]
SQL: SELECT sub.*,`mid`,`registration_date`,`sign_code`,`sign_qrcode`,`print_status`,`print_times`,`sign_time`,`sign_status`,`review_status`,`review_time`,`sign_type`,main.id id,sub.id cid FROM workflow_join main join user_client sub on main.cid = sub.id  WHERE sub.id = 999 AND `mid` = 81 LIMIT 1   [ RunTime:0.0010s ]
NOTIC: [8] Undefined index: validate F:\webroot\Meeting\TPFramework\Library\Think\Model.class.php 第 1183 行.
NOTIC: [8] Undefined index: auto F:\webroot\Meeting\TPFramework\Library\Think\Model.class.php 第 1126 行.
SQL: UPDATE `workflow_join` SET `sign_status`='1',`sign_time`='1476694798',`sign_type`='1' WHERE `id` IN ('983') [ RunTime:0.0260s ]
NOTIC: [8] Constant UPLOAD_PATH already defined F:\webroot\Meeting\Project\Core\Logic\CoreLogic.class.php 第 20 行.
NOTIC: [8] Constant QRCODE_PATH already defined F:\webroot\Meeting\Project\Core\Logic\CoreLogic.class.php 第 22 行.
NOTIC: [8] Constant UPLOAD_PATH already defined F:\webroot\Meeting\Project\Core\Logic\CoreLogic.class.php 第 20 行.
NOTIC: [8] Constant QRCODE_PATH already defined F:\webroot\Meeting\Project\Core\Logic\CoreLogic.class.php 第 22 行.
NOTIC: [8] Constant UPLOAD_PATH already defined F:\webroot\Meeting\Project\Core\Logic\CoreLogic.class.php 第 20 行.
NOTIC: [8] Constant QRCODE_PATH already defined F:\webroot\Meeting\Project\Core\Logic\CoreLogic.class.php 第 22 行.
SQL: select `id`, `code`, `name`, 1 `type`, `group_code`, `group_name` from system_permission where id in (
	select pid from system_assign_permission WHERE `type` = 1 and `oid` = 2 -- 员工权限
)
union
select `id`, `code`, `name`, 0 `type`, `group_code`, `group_name`
from system_permission where id in (
	select pid from system_assign_permission where `type` = 0 and `oid` in ( -- 角色权限
		select rid from user_assign_role join system_role on system_role.id = user_assign_role.rid where `type` = 0 and `oid` = 2 and system_role.status != 2
	)
) [ RunTime:0.0050s ]
SQL: SELECT sub.effect FROM user_assign_role main INNER JOIN system_role sub on sub.id = main.rid  WHERE main.type = 0 AND main.oid = 2 AND sub.status <> 2  [ RunTime:0.0030s ]
SQL: SELECT * FROM `workflow_meeting` ORDER BY creatime desc  [ RunTime:0.0020s ]
SQL: SHOW COLUMNS FROM `user_weixin_id` [ RunTime:0.0040s ]
SQL: SHOW COLUMNS FROM `workflow_assign_message` [ RunTime:0.0020s ]
SQL: SHOW COLUMNS FROM `user_client` [ RunTime:0.0030s ]
NOTIC: [8] Constant UPLOAD_PATH already defined F:\webroot\Meeting\Project\Core\Logic\CoreLogic.class.php 第 20 行.
NOTIC: [8] Constant QRCODE_PATH already defined F:\webroot\Meeting\Project\Core\Logic\CoreLogic.class.php 第 22 行.
NOTIC: [8] Constant UPLOAD_PATH already defined F:\webroot\Meeting\Project\Core\Logic\CoreLogic.class.php 第 20 行.
NOTIC: [8] Constant QRCODE_PATH already defined F:\webroot\Meeting\Project\Core\Logic\CoreLogic.class.php 第 22 行.
SQL: SELECT sub.*,`mid`,main.type assign_type,main.id id,sub.id message_id FROM workflow_assign_message main join workflow_message sub on main.message_id = sub.id  WHERE `mid` = 81 AND main.type = 1 LIMIT 1   [ RunTime:0.0010s ]
SQL: SELECT * FROM `workflow_meeting` WHERE `id` = 81 LIMIT 1   [ RunTime:0.0020s ]
SQL: SELECT * FROM `user_client` WHERE `id` = 999 LIMIT 1   [ RunTime:0.0040s ]
SQL: SELECT * FROM `user_weixin_id` WHERE `mobile` = '' LIMIT 1   [ RunTime:0.0040s ]
NOTIC: [8] Undefined index: sign_code F:\webroot\Meeting\Project\Manager\Logic\MessageLogic.class.php 第 97 行.
NOTIC: [8] Undefined index: contact_id_1 F:\webroot\Meeting\Project\Manager\Logic\MessageLogic.class.php 第 105 行.
NOTIC: [8] Undefined index: contact_id_2 F:\webroot\Meeting\Project\Manager\Logic\MessageLogic.class.php 第 106 行.
NOTIC: [8] Undefined property: SoapClient::$ArrayOfMobileList F:\webroot\Meeting\Project\Core\Logic\SMSLogic.class.php 第 65 行.
NOTIC: [8] Undefined property: SoapClient::$MobileListGroup F:\webroot\Meeting\Project\Core\Logic\SMSLogic.class.php 第 68 行.
NOTIC: [2] Creating default object from empty value F:\webroot\Meeting\Project\Core\Logic\SMSLogic.class.php 第 69 行.
NOTIC: [8] Undefined index: SmsIDList F:\webroot\Meeting\Project\Core\Logic\SMSLogic.class.php 第 76 行.
NOTIC: [2] Invalid argument supplied for foreach() F:\webroot\Meeting\Project\Core\Logic\SMSLogic.class.php 第 76 行.
NOTIC: [8] Undefined index: dept F:\webroot\Meeting\Project\Common\Common\WXCorpUniversalApi.php 第 667 行.
NOTIC: [8] Undefined index: tag F:\webroot\Meeting\Project\Common\Common\WXCorpUniversalApi.php 第 671 行.

[ 2016-10-17T17:00:03+08:00 ] 127.0.0.1 /Client/manage/mid/81.aspx
INFO: [ app_begin ] --START--
INFO: Run Behavior\ReadHtmlCacheBehavior [ RunTime:0.000000s ]
INFO: [ app_begin ] --END-- [ RunTime:0.001000s ]
NOTIC: [8] A session had already been started - ignoring session_start() F:\webroot\Meeting\TPFramework\Common\functions.php 第 1263 行.
NOTIC: [8] Constant UPLOAD_PATH already defined F:\webroot\Meeting\Project\Core\Logic\CoreLogic.class.php 第 20 行.
NOTIC: [8] Constant QRCODE_PATH already defined F:\webroot\Meeting\Project\Core\Logic\CoreLogic.class.php 第 22 行.
SQL: SHOW COLUMNS FROM `system_permission` [ RunTime:0.0020s ]
SQL: select `id`, `code`, `name`, 1 `type`, `group_code`, `group_name` from system_permission where id in (
	select pid from system_assign_permission WHERE `type` = 1 and `oid` = 2 -- 员工权限
)
union
select `id`, `code`, `name`, 0 `type`, `group_code`, `group_name`
from system_permission where id in (
	select pid from system_assign_permission where `type` = 0 and `oid` in ( -- 角色权限
		select rid from user_assign_role join system_role on system_role.id = user_assign_role.rid where `type` = 0 and `oid` = 2 and system_role.status != 2
	)
) [ RunTime:0.0040s ]
SQL: SHOW COLUMNS FROM `user_assign_role` [ RunTime:0.0040s ]
SQL: SHOW COLUMNS FROM `workflow_meeting` [ RunTime:0.0020s ]
SQL: SELECT sub.effect FROM user_assign_role main INNER JOIN system_role sub on sub.id = main.rid  WHERE main.type = 0 AND main.oid = 2 AND sub.status <> 2  [ RunTime:0.0010s ]
SQL: SELECT * FROM `workflow_meeting` ORDER BY creatime desc  [ RunTime:0.0020s ]
SQL: SHOW COLUMNS FROM `user_employee` [ RunTime:0.0010s ]
SQL: SHOW COLUMNS FROM `user_employee` [ RunTime:0.0020s ]
SQL: SELECT * FROM `user_employee` WHERE `id` = 2 LIMIT 1   [ RunTime:0.0000s ]
NOTIC: [8] Constant UPLOAD_PATH already defined F:\webroot\Meeting\Project\Core\Logic\CoreLogic.class.php 第 20 行.
NOTIC: [8] Constant QRCODE_PATH already defined F:\webroot\Meeting\Project\Core\Logic\CoreLogic.class.php 第 22 行.
NOTIC: [8] Constant UPLOAD_PATH already defined F:\webroot\Meeting\Project\Core\Logic\CoreLogic.class.php 第 20 行.
NOTIC: [8] Constant QRCODE_PATH already defined F:\webroot\Meeting\Project\Core\Logic\CoreLogic.class.php 第 22 行.
NOTIC: [8] Constant UPLOAD_PATH already defined F:\webroot\Meeting\Project\Core\Logic\CoreLogic.class.php 第 20 行.
NOTIC: [8] Constant QRCODE_PATH already defined F:\webroot\Meeting\Project\Core\Logic\CoreLogic.class.php 第 22 行.
SQL: select `id`, `code`, `name`, 1 `type`, `group_code`, `group_name` from system_permission where id in (
	select pid from system_assign_permission WHERE `type` = 1 and `oid` = 2 -- 员工权限
)
union
select `id`, `code`, `name`, 0 `type`, `group_code`, `group_name`
from system_permission where id in (
	select pid from system_assign_permission where `type` = 0 and `oid` in ( -- 角色权限
		select rid from user_assign_role join system_role on system_role.id = user_assign_role.rid where `type` = 0 and `oid` = 2 and system_role.status != 2
	)
) [ RunTime:0.0040s ]
SQL: SELECT sub.effect FROM user_assign_role main INNER JOIN system_role sub on sub.id = main.rid  WHERE main.type = 0 AND main.oid = 2 AND sub.status <> 2  [ RunTime:0.0030s ]
SQL: SELECT * FROM `workflow_meeting` ORDER BY creatime desc  [ RunTime:0.0020s ]
SQL: SHOW COLUMNS FROM `workflow_join` [ RunTime:0.0020s ]
SQL: SELECT sub.*,`mid`,`registration_date`,`sign_code`,`sign_qrcode`,`print_status`,`print_times`,`sign_time`,`sign_status`,`review_status`,`review_time`,`sign_type`,main.id id,sub.id cid FROM workflow_join main join user_client sub on main.cid = sub.id  WHERE sub.id = 999 AND `mid` = 81 LIMIT 1   [ RunTime:0.0020s ]
NOTIC: [8] Undefined index: validate F:\webroot\Meeting\TPFramework\Library\Think\Model.class.php 第 1183 行.
NOTIC: [8] Undefined index: auto F:\webroot\Meeting\TPFramework\Library\Think\Model.class.php 第 1126 行.
SQL: UPDATE `workflow_join` SET `sign_status`='2',`sign_time`=NULL,`sign_type`='0' WHERE `id` IN ('983') [ RunTime:0.0250s ]
NOTIC: [8] Constant UPLOAD_PATH already defined F:\webroot\Meeting\Project\Core\Logic\CoreLogic.class.php 第 20 行.
NOTIC: [8] Constant QRCODE_PATH already defined F:\webroot\Meeting\Project\Core\Logic\CoreLogic.class.php 第 22 行.
NOTIC: [8] Constant UPLOAD_PATH already defined F:\webroot\Meeting\Project\Core\Logic\CoreLogic.class.php 第 20 行.
NOTIC: [8] Constant QRCODE_PATH already defined F:\webroot\Meeting\Project\Core\Logic\CoreLogic.class.php 第 22 行.
NOTIC: [8] Constant UPLOAD_PATH already defined F:\webroot\Meeting\Project\Core\Logic\CoreLogic.class.php 第 20 行.
NOTIC: [8] Constant QRCODE_PATH already defined F:\webroot\Meeting\Project\Core\Logic\CoreLogic.class.php 第 22 行.
SQL: select `id`, `code`, `name`, 1 `type`, `group_code`, `group_name` from system_permission where id in (
	select pid from system_assign_permission WHERE `type` = 1 and `oid` = 2 -- 员工权限
)
union
select `id`, `code`, `name`, 0 `type`, `group_code`, `group_name`
from system_permission where id in (
	select pid from system_assign_permission where `type` = 0 and `oid` in ( -- 角色权限
		select rid from user_assign_role join system_role on system_role.id = user_assign_role.rid where `type` = 0 and `oid` = 2 and system_role.status != 2
	)
) [ RunTime:0.0060s ]
SQL: SELECT sub.effect FROM user_assign_role main INNER JOIN system_role sub on sub.id = main.rid  WHERE main.type = 0 AND main.oid = 2 AND sub.status <> 2  [ RunTime:0.0020s ]
SQL: SELECT * FROM `workflow_meeting` ORDER BY creatime desc  [ RunTime:0.0020s ]
SQL: SHOW COLUMNS FROM `user_weixin_id` [ RunTime:0.0050s ]
SQL: SHOW COLUMNS FROM `workflow_assign_message` [ RunTime:0.0020s ]
SQL: SHOW COLUMNS FROM `user_client` [ RunTime:0.0020s ]
NOTIC: [8] Constant UPLOAD_PATH already defined F:\webroot\Meeting\Project\Core\Logic\CoreLogic.class.php 第 20 行.
NOTIC: [8] Constant QRCODE_PATH already defined F:\webroot\Meeting\Project\Core\Logic\CoreLogic.class.php 第 22 行.
NOTIC: [8] Constant UPLOAD_PATH already defined F:\webroot\Meeting\Project\Core\Logic\CoreLogic.class.php 第 20 行.
NOTIC: [8] Constant QRCODE_PATH already defined F:\webroot\Meeting\Project\Core\Logic\CoreLogic.class.php 第 22 行.
SQL: SELECT sub.*,`mid`,main.type assign_type,main.id id,sub.id message_id FROM workflow_assign_message main join workflow_message sub on main.message_id = sub.id  WHERE `mid` = 81 AND main.type = 2 LIMIT 1   [ RunTime:0.0020s ]
SQL: SELECT * FROM `workflow_meeting` WHERE `id` = 81 LIMIT 1   [ RunTime:0.0010s ]
SQL: SELECT * FROM `user_client` WHERE `id` = 999 LIMIT 1   [ RunTime:0.0010s ]
SQL: SELECT * FROM `user_weixin_id` WHERE `mobile` = '' LIMIT 1   [ RunTime:0.0040s ]
NOTIC: [8] Undefined index: sign_code F:\webroot\Meeting\Project\Manager\Logic\MessageLogic.class.php 第 97 行.
NOTIC: [8] Undefined index: contact_id_1 F:\webroot\Meeting\Project\Manager\Logic\MessageLogic.class.php 第 105 行.
NOTIC: [8] Undefined index: contact_id_2 F:\webroot\Meeting\Project\Manager\Logic\MessageLogic.class.php 第 106 行.
NOTIC: [8] Undefined property: SoapClient::$ArrayOfMobileList F:\webroot\Meeting\Project\Core\Logic\SMSLogic.class.php 第 65 行.
NOTIC: [8] Undefined property: SoapClient::$MobileListGroup F:\webroot\Meeting\Project\Core\Logic\SMSLogic.class.php 第 68 行.
NOTIC: [2] Creating default object from empty value F:\webroot\Meeting\Project\Core\Logic\SMSLogic.class.php 第 69 行.
NOTIC: [8] Undefined index: SmsIDList F:\webroot\Meeting\Project\Core\Logic\SMSLogic.class.php 第 76 行.
NOTIC: [2] Invalid argument supplied for foreach() F:\webroot\Meeting\Project\Core\Logic\SMSLogic.class.php 第 76 行.
NOTIC: [8] Undefined index: dept F:\webroot\Meeting\Project\Common\Common\WXCorpUniversalApi.php 第 667 行.
NOTIC: [8] Undefined index: tag F:\webroot\Meeting\Project\Common\Common\WXCorpUniversalApi.php 第 671 行.

