[ 2016-09-29T22:08:44+08:00 ] 127.0.0.1 /Mobile/Client/myCenter/id/454/mid/58
INFO: [ app_init ] --START--
INFO: Run Behavior\BuildLiteBehavior [ RunTime:0.000000s ]
INFO: [ app_init ] --END-- [ RunTime:0.001000s ]
INFO: [ app_begin ] --START--
INFO: Run Behavior\ReadHtmlCacheBehavior [ RunTime:0.001000s ]
INFO: [ app_begin ] --END-- [ RunTime:0.001000s ]
NOTIC: [8] A session had already been started - ignoring session_start() F:\webroot\Meeting\TPFramework\Common\functions.php 第 1263 行.
SQL: SHOW COLUMNS FROM `workflow_join` [ RunTime:0.0005s ]
SQL: SELECT * FROM `workflow_join` WHERE `cid` = 454 AND `mid` = 58 LIMIT 1   [ RunTime:0.0005s ]

[ 2016-09-29T22:08:46+08:00 ] 127.0.0.1 /Mobile/Client/myCenter/id/454/mid/58
INFO: [ app_init ] --START--
INFO: Run Behavior\BuildLiteBehavior [ RunTime:0.000000s ]
INFO: [ app_init ] --END-- [ RunTime:0.000500s ]
INFO: [ app_begin ] --START--
INFO: Run Behavior\ReadHtmlCacheBehavior [ RunTime:0.001000s ]
INFO: [ app_begin ] --END-- [ RunTime:0.001000s ]
NOTIC: [8] A session had already been started - ignoring session_start() F:\webroot\Meeting\TPFramework\Common\functions.php 第 1263 行.
SQL: SHOW COLUMNS FROM `workflow_join` [ RunTime:0.0005s ]
SQL: SELECT * FROM `workflow_join` WHERE `cid` = 454 AND `mid` = 58 LIMIT 1   [ RunTime:0.0005s ]

[ 2016-09-29T22:08:48+08:00 ] 127.0.0.1 /Mobile/Client/myCenter/id/454/mid/58
INFO: [ app_init ] --START--
INFO: Run Behavior\BuildLiteBehavior [ RunTime:0.000000s ]
INFO: [ app_init ] --END-- [ RunTime:0.000500s ]
INFO: [ app_begin ] --START--
INFO: Run Behavior\ReadHtmlCacheBehavior [ RunTime:0.000501s ]
INFO: [ app_begin ] --END-- [ RunTime:0.000501s ]
NOTIC: [8] A session had already been started - ignoring session_start() F:\webroot\Meeting\TPFramework\Common\functions.php 第 1263 行.
SQL: SHOW COLUMNS FROM `workflow_join` [ RunTime:0.0005s ]
SQL: SELECT * FROM `workflow_join` WHERE `cid` = 454 AND `mid` = 58 LIMIT 1   [ RunTime:0.0005s ]

[ 2016-09-29T22:08:50+08:00 ] 127.0.0.1 /Mobile/Client/myCenter/id/454/mid/58
INFO: [ app_init ] --START--
INFO: Run Behavior\BuildLiteBehavior [ RunTime:0.000000s ]
INFO: [ app_init ] --END-- [ RunTime:0.000000s ]
INFO: [ app_begin ] --START--
INFO: Run Behavior\ReadHtmlCacheBehavior [ RunTime:0.000501s ]
INFO: [ app_begin ] --END-- [ RunTime:0.000501s ]
NOTIC: [8] A session had already been started - ignoring session_start() F:\webroot\Meeting\TPFramework\Common\functions.php 第 1263 行.
SQL: SHOW COLUMNS FROM `workflow_join` [ RunTime:0.0005s ]
SQL: SELECT * FROM `workflow_join` WHERE `cid` = 454 AND `mid` = 58 LIMIT 1   [ RunTime:0.0005s ]

[ 2016-09-29T22:08:52+08:00 ] 127.0.0.1 /Mobile/Client/myCenter/id/454/mid/58
INFO: [ app_init ] --START--
INFO: Run Behavior\BuildLiteBehavior [ RunTime:0.000500s ]
INFO: [ app_init ] --END-- [ RunTime:0.000500s ]
INFO: [ app_begin ] --START--
INFO: Run Behavior\ReadHtmlCacheBehavior [ RunTime:0.000000s ]
INFO: [ app_begin ] --END-- [ RunTime:0.001000s ]
NOTIC: [8] A session had already been started - ignoring session_start() F:\webroot\Meeting\TPFramework\Common\functions.php 第 1263 行.
SQL: SHOW COLUMNS FROM `workflow_join` [ RunTime:0.0005s ]
SQL: SELECT * FROM `workflow_join` WHERE `cid` = 454 AND `mid` = 58 LIMIT 1   [ RunTime:0.0005s ]

[ 2016-09-29T22:08:54+08:00 ] 127.0.0.1 /Mobile/Client/myCenter/id/454/mid/58
INFO: [ app_init ] --START--
INFO: Run Behavior\BuildLiteBehavior [ RunTime:0.000000s ]
INFO: [ app_init ] --END-- [ RunTime:0.000000s ]
INFO: [ app_begin ] --START--
INFO: Run Behavior\ReadHtmlCacheBehavior [ RunTime:0.000500s ]
INFO: [ app_begin ] --END-- [ RunTime:0.000500s ]
NOTIC: [8] A session had already been started - ignoring session_start() F:\webroot\Meeting\TPFramework\Common\functions.php 第 1263 行.
SQL: SHOW COLUMNS FROM `workflow_join` [ RunTime:0.0005s ]
SQL: SELECT * FROM `workflow_join` WHERE `cid` = 454 AND `mid` = 58 LIMIT 1   [ RunTime:0.0005s ]

[ 2016-09-29T22:08:56+08:00 ] 127.0.0.1 /Mobile/Client/myCenter/id/454/mid/58
INFO: [ app_init ] --START--
INFO: Run Behavior\BuildLiteBehavior [ RunTime:0.000000s ]
INFO: [ app_init ] --END-- [ RunTime:0.001001s ]
INFO: [ app_begin ] --START--
INFO: Run Behavior\ReadHtmlCacheBehavior [ RunTime:0.001001s ]
INFO: [ app_begin ] --END-- [ RunTime:0.001001s ]
NOTIC: [8] A session had already been started - ignoring session_start() F:\webroot\Meeting\TPFramework\Common\functions.php 第 1263 行.
SQL: SHOW COLUMNS FROM `workflow_join` [ RunTime:0.0010s ]
SQL: SELECT * FROM `workflow_join` WHERE `cid` = 454 AND `mid` = 58 LIMIT 1   [ RunTime:0.0000s ]

[ 2016-09-29T22:08:58+08:00 ] 127.0.0.1 /Mobile/Client/myCenter/id/454/mid/58
INFO: [ app_init ] --START--
INFO: Run Behavior\BuildLiteBehavior [ RunTime:0.000000s ]
INFO: [ app_init ] --END-- [ RunTime:0.000000s ]
INFO: [ app_begin ] --START--
INFO: Run Behavior\ReadHtmlCacheBehavior [ RunTime:0.000000s ]
INFO: [ app_begin ] --END-- [ RunTime:0.001000s ]
NOTIC: [8] A session had already been started - ignoring session_start() F:\webroot\Meeting\TPFramework\Common\functions.php 第 1263 行.
SQL: SHOW COLUMNS FROM `workflow_join` [ RunTime:0.0005s ]
SQL: SELECT * FROM `workflow_join` WHERE `cid` = 454 AND `mid` = 58 LIMIT 1   [ RunTime:0.0000s ]

[ 2016-09-29T22:09:00+08:00 ] 127.0.0.1 /Mobile/Client/myCenter/id/454/mid/58
INFO: [ app_init ] --START--
INFO: Run Behavior\BuildLiteBehavior [ RunTime:0.000000s ]
INFO: [ app_init ] --END-- [ RunTime:0.000500s ]
INFO: [ app_begin ] --START--
INFO: Run Behavior\ReadHtmlCacheBehavior [ RunTime:0.000500s ]
INFO: [ app_begin ] --END-- [ RunTime:0.000500s ]
NOTIC: [8] A session had already been started - ignoring session_start() F:\webroot\Meeting\TPFramework\Common\functions.php 第 1263 行.
SQL: SHOW COLUMNS FROM `workflow_join` [ RunTime:0.0005s ]
SQL: SELECT * FROM `workflow_join` WHERE `cid` = 454 AND `mid` = 58 LIMIT 1   [ RunTime:0.0005s ]

[ 2016-09-29T22:09:02+08:00 ] 127.0.0.1 /Mobile/Client/myCenter/id/454/mid/58
INFO: [ app_init ] --START--
INFO: Run Behavior\BuildLiteBehavior [ RunTime:0.000000s ]
INFO: [ app_init ] --END-- [ RunTime:0.000500s ]
INFO: [ app_begin ] --START--
INFO: Run Behavior\ReadHtmlCacheBehavior [ RunTime:0.000501s ]
INFO: [ app_begin ] --END-- [ RunTime:0.000501s ]
NOTIC: [8] A session had already been started - ignoring session_start() F:\webroot\Meeting\TPFramework\Common\functions.php 第 1263 行.
SQL: SHOW COLUMNS FROM `workflow_join` [ RunTime:0.0010s ]
SQL: SELECT * FROM `workflow_join` WHERE `cid` = 454 AND `mid` = 58 LIMIT 1   [ RunTime:0.0005s ]

[ 2016-09-29T22:09:04+08:00 ] 127.0.0.1 /Mobile/Client/myCenter/id/454/mid/58
INFO: [ app_init ] --START--
INFO: Run Behavior\BuildLiteBehavior [ RunTime:0.000000s ]
INFO: [ app_init ] --END-- [ RunTime:0.000500s ]
INFO: [ app_begin ] --START--
INFO: Run Behavior\ReadHtmlCacheBehavior [ RunTime:0.000500s ]
INFO: [ app_begin ] --END-- [ RunTime:0.000500s ]
NOTIC: [8] A session had already been started - ignoring session_start() F:\webroot\Meeting\TPFramework\Common\functions.php 第 1263 行.
SQL: SHOW COLUMNS FROM `workflow_join` [ RunTime:0.0005s ]
SQL: SELECT * FROM `workflow_join` WHERE `cid` = 454 AND `mid` = 58 LIMIT 1   [ RunTime:0.0005s ]

[ 2016-09-29T22:09:06+08:00 ] 127.0.0.1 /Mobile/Client/myCenter/id/454/mid/58
INFO: [ app_init ] --START--
INFO: Run Behavior\BuildLiteBehavior [ RunTime:0.000000s ]
INFO: [ app_init ] --END-- [ RunTime:0.000500s ]
INFO: [ app_begin ] --START--
INFO: Run Behavior\ReadHtmlCacheBehavior [ RunTime:0.000500s ]
INFO: [ app_begin ] --END-- [ RunTime:0.001000s ]
NOTIC: [8] A session had already been started - ignoring session_start() F:\webroot\Meeting\TPFramework\Common\functions.php 第 1263 行.
SQL: SHOW COLUMNS FROM `workflow_join` [ RunTime:0.0005s ]
SQL: SELECT * FROM `workflow_join` WHERE `cid` = 454 AND `mid` = 58 LIMIT 1   [ RunTime:0.0005s ]

[ 2016-09-29T22:09:08+08:00 ] 127.0.0.1 /Mobile/Client/myCenter/id/454/mid/58
INFO: [ app_init ] --START--
INFO: Run Behavior\BuildLiteBehavior [ RunTime:0.000000s ]
INFO: [ app_init ] --END-- [ RunTime:0.000500s ]
INFO: [ app_begin ] --START--
INFO: Run Behavior\ReadHtmlCacheBehavior [ RunTime:0.000501s ]
INFO: [ app_begin ] --END-- [ RunTime:0.000501s ]
NOTIC: [8] A session had already been started - ignoring session_start() F:\webroot\Meeting\TPFramework\Common\functions.php 第 1263 行.
SQL: SHOW COLUMNS FROM `workflow_join` [ RunTime:0.0005s ]
SQL: SELECT * FROM `workflow_join` WHERE `cid` = 454 AND `mid` = 58 LIMIT 1   [ RunTime:0.0000s ]

[ 2016-09-29T22:09:10+08:00 ] 127.0.0.1 /Mobile/Client/myCenter/id/454/mid/58
INFO: [ app_init ] --START--
INFO: Run Behavior\BuildLiteBehavior [ RunTime:0.000000s ]
INFO: [ app_init ] --END-- [ RunTime:0.000500s ]
INFO: [ app_begin ] --START--
INFO: Run Behavior\ReadHtmlCacheBehavior [ RunTime:0.000500s ]
INFO: [ app_begin ] --END-- [ RunTime:0.000500s ]
NOTIC: [8] A session had already been started - ignoring session_start() F:\webroot\Meeting\TPFramework\Common\functions.php 第 1263 行.
SQL: SHOW COLUMNS FROM `workflow_join` [ RunTime:0.0010s ]
SQL: SELECT * FROM `workflow_join` WHERE `cid` = 454 AND `mid` = 58 LIMIT 1   [ RunTime:0.0000s ]

[ 2016-09-29T22:09:12+08:00 ] 127.0.0.1 /Mobile/Client/myCenter/id/454/mid/58
INFO: [ app_init ] --START--
INFO: Run Behavior\BuildLiteBehavior [ RunTime:0.000000s ]
INFO: [ app_init ] --END-- [ RunTime:0.001001s ]
INFO: [ app_begin ] --START--
INFO: Run Behavior\ReadHtmlCacheBehavior [ RunTime:0.000501s ]
INFO: [ app_begin ] --END-- [ RunTime:0.001001s ]
NOTIC: [8] A session had already been started - ignoring session_start() F:\webroot\Meeting\TPFramework\Common\functions.php 第 1263 行.
SQL: SHOW COLUMNS FROM `workflow_join` [ RunTime:0.0010s ]
SQL: SELECT * FROM `workflow_join` WHERE `cid` = 454 AND `mid` = 58 LIMIT 1   [ RunTime:0.0005s ]

[ 2016-09-29T22:09:14+08:00 ] 127.0.0.1 /Mobile/Client/myCenter/id/454/mid/58
INFO: [ app_init ] --START--
INFO: Run Behavior\BuildLiteBehavior [ RunTime:0.000000s ]
INFO: [ app_init ] --END-- [ RunTime:0.000500s ]
INFO: [ app_begin ] --START--
INFO: Run Behavior\ReadHtmlCacheBehavior [ RunTime:0.000501s ]
INFO: [ app_begin ] --END-- [ RunTime:0.000501s ]
NOTIC: [8] A session had already been started - ignoring session_start() F:\webroot\Meeting\TPFramework\Common\functions.php 第 1263 行.
SQL: SHOW COLUMNS FROM `workflow_join` [ RunTime:0.0010s ]
SQL: SELECT * FROM `workflow_join` WHERE `cid` = 454 AND `mid` = 58 LIMIT 1   [ RunTime:0.0005s ]

[ 2016-09-29T22:09:16+08:00 ] 127.0.0.1 /Mobile/Client/myCenter/id/454/mid/58
INFO: [ app_init ] --START--
INFO: Run Behavior\BuildLiteBehavior [ RunTime:0.000000s ]
INFO: [ app_init ] --END-- [ RunTime:0.000500s ]
INFO: [ app_begin ] --START--
INFO: Run Behavior\ReadHtmlCacheBehavior [ RunTime:0.000000s ]
INFO: [ app_begin ] --END-- [ RunTime:0.000500s ]
NOTIC: [8] A session had already been started - ignoring session_start() F:\webroot\Meeting\TPFramework\Common\functions.php 第 1263 行.
SQL: SHOW COLUMNS FROM `workflow_join` [ RunTime:0.0005s ]
SQL: SELECT * FROM `workflow_join` WHERE `cid` = 454 AND `mid` = 58 LIMIT 1   [ RunTime:0.0005s ]

[ 2016-09-29T22:09:18+08:00 ] 127.0.0.1 /Mobile/Client/myCenter/id/454/mid/58
INFO: [ app_init ] --START--
INFO: Run Behavior\BuildLiteBehavior [ RunTime:0.000000s ]
INFO: [ app_init ] --END-- [ RunTime:0.000500s ]
INFO: [ app_begin ] --START--
INFO: Run Behavior\ReadHtmlCacheBehavior [ RunTime:0.000500s ]
INFO: [ app_begin ] --END-- [ RunTime:0.000500s ]
NOTIC: [8] A session had already been started - ignoring session_start() F:\webroot\Meeting\TPFramework\Common\functions.php 第 1263 行.
SQL: SHOW COLUMNS FROM `workflow_join` [ RunTime:0.0005s ]
SQL: SELECT * FROM `workflow_join` WHERE `cid` = 454 AND `mid` = 58 LIMIT 1   [ RunTime:0.0000s ]

[ 2016-09-29T22:09:20+08:00 ] 127.0.0.1 /Mobile/Client/myCenter/id/454/mid/58
INFO: [ app_init ] --START--
INFO: Run Behavior\BuildLiteBehavior [ RunTime:0.000000s ]
INFO: [ app_init ] --END-- [ RunTime:0.000500s ]
INFO: [ app_begin ] --START--
INFO: Run Behavior\ReadHtmlCacheBehavior [ RunTime:0.000500s ]
INFO: [ app_begin ] --END-- [ RunTime:0.000500s ]
NOTIC: [8] A session had already been started - ignoring session_start() F:\webroot\Meeting\TPFramework\Common\functions.php 第 1263 行.
SQL: SHOW COLUMNS FROM `workflow_join` [ RunTime:0.0005s ]
SQL: SELECT * FROM `workflow_join` WHERE `cid` = 454 AND `mid` = 58 LIMIT 1   [ RunTime:0.0000s ]

[ 2016-09-29T22:09:22+08:00 ] 127.0.0.1 /Mobile/Client/myCenter/id/454/mid/58
INFO: [ app_init ] --START--
INFO: Run Behavior\BuildLiteBehavior [ RunTime:0.000000s ]
INFO: [ app_init ] --END-- [ RunTime:0.000000s ]
INFO: [ app_begin ] --START--
INFO: Run Behavior\ReadHtmlCacheBehavior [ RunTime:0.000500s ]
INFO: [ app_begin ] --END-- [ RunTime:0.000500s ]
NOTIC: [8] A session had already been started - ignoring session_start() F:\webroot\Meeting\TPFramework\Common\functions.php 第 1263 行.
SQL: SHOW COLUMNS FROM `workflow_join` [ RunTime:0.0005s ]
SQL: SELECT * FROM `workflow_join` WHERE `cid` = 454 AND `mid` = 58 LIMIT 1   [ RunTime:0.0000s ]

[ 2016-09-29T22:09:24+08:00 ] 127.0.0.1 /Mobile/Client/myCenter/id/454/mid/58
INFO: [ app_init ] --START--
INFO: Run Behavior\BuildLiteBehavior [ RunTime:0.000000s ]
INFO: [ app_init ] --END-- [ RunTime:0.001000s ]
INFO: [ app_begin ] --START--
INFO: Run Behavior\ReadHtmlCacheBehavior [ RunTime:0.000500s ]
INFO: [ app_begin ] --END-- [ RunTime:0.001000s ]
NOTIC: [8] A session had already been started - ignoring session_start() F:\webroot\Meeting\TPFramework\Common\functions.php 第 1263 行.
SQL: SHOW COLUMNS FROM `workflow_join` [ RunTime:0.0005s ]
SQL: SELECT * FROM `workflow_join` WHERE `cid` = 454 AND `mid` = 58 LIMIT 1   [ RunTime:0.0000s ]

[ 2016-09-29T22:09:26+08:00 ] 127.0.0.1 /Mobile/Client/myCenter/id/454/mid/58
INFO: [ app_init ] --START--
INFO: Run Behavior\BuildLiteBehavior [ RunTime:0.000000s ]
INFO: [ app_init ] --END-- [ RunTime:0.000500s ]
INFO: [ app_begin ] --START--
INFO: Run Behavior\ReadHtmlCacheBehavior [ RunTime:0.000500s ]
INFO: [ app_begin ] --END-- [ RunTime:0.000500s ]
NOTIC: [8] A session had already been started - ignoring session_start() F:\webroot\Meeting\TPFramework\Common\functions.php 第 1263 行.
SQL: SHOW COLUMNS FROM `workflow_join` [ RunTime:0.0005s ]
SQL: SELECT * FROM `workflow_join` WHERE `cid` = 454 AND `mid` = 58 LIMIT 1   [ RunTime:0.0000s ]

[ 2016-09-29T22:09:28+08:00 ] 127.0.0.1 /Mobile/Client/myCenter/id/454/mid/58
INFO: [ app_init ] --START--
INFO: Run Behavior\BuildLiteBehavior [ RunTime:0.000500s ]
INFO: [ app_init ] --END-- [ RunTime:0.000500s ]
INFO: [ app_begin ] --START--
INFO: Run Behavior\ReadHtmlCacheBehavior [ RunTime:0.000500s ]
INFO: [ app_begin ] --END-- [ RunTime:0.000500s ]
NOTIC: [8] A session had already been started - ignoring session_start() F:\webroot\Meeting\TPFramework\Common\functions.php 第 1263 行.
SQL: SHOW COLUMNS FROM `workflow_join` [ RunTime:0.0005s ]
SQL: SELECT * FROM `workflow_join` WHERE `cid` = 454 AND `mid` = 58 LIMIT 1   [ RunTime:0.0005s ]

[ 2016-09-29T22:09:30+08:00 ] 127.0.0.1 /Mobile/Client/myCenter/id/454/mid/58
INFO: [ app_init ] --START--
INFO: Run Behavior\BuildLiteBehavior [ RunTime:0.000000s ]
INFO: [ app_init ] --END-- [ RunTime:0.000500s ]
INFO: [ app_begin ] --START--
INFO: Run Behavior\ReadHtmlCacheBehavior [ RunTime:0.000000s ]
INFO: [ app_begin ] --END-- [ RunTime:0.000501s ]
NOTIC: [8] A session had already been started - ignoring session_start() F:\webroot\Meeting\TPFramework\Common\functions.php 第 1263 行.
SQL: SHOW COLUMNS FROM `workflow_join` [ RunTime:0.0010s ]
SQL: SELECT * FROM `workflow_join` WHERE `cid` = 454 AND `mid` = 58 LIMIT 1   [ RunTime:0.0005s ]

[ 2016-09-29T22:09:32+08:00 ] 127.0.0.1 /Mobile/Client/myCenter/id/454/mid/58
INFO: [ app_init ] --START--
INFO: Run Behavior\BuildLiteBehavior [ RunTime:0.000000s ]
INFO: [ app_init ] --END-- [ RunTime:0.000500s ]
INFO: [ app_begin ] --START--
INFO: Run Behavior\ReadHtmlCacheBehavior [ RunTime:0.000000s ]
INFO: [ app_begin ] --END-- [ RunTime:0.000500s ]
NOTIC: [8] A session had already been started - ignoring session_start() F:\webroot\Meeting\TPFramework\Common\functions.php 第 1263 行.
SQL: SHOW COLUMNS FROM `workflow_join` [ RunTime:0.0005s ]
SQL: SELECT * FROM `workflow_join` WHERE `cid` = 454 AND `mid` = 58 LIMIT 1   [ RunTime:0.0005s ]

[ 2016-09-29T22:09:34+08:00 ] 127.0.0.1 /Mobile/Client/myCenter/id/454/mid/58
INFO: [ app_init ] --START--
INFO: Run Behavior\BuildLiteBehavior [ RunTime:0.000000s ]
INFO: [ app_init ] --END-- [ RunTime:0.000000s ]
INFO: [ app_begin ] --START--
INFO: Run Behavior\ReadHtmlCacheBehavior [ RunTime:0.000000s ]
INFO: [ app_begin ] --END-- [ RunTime:0.000500s ]
NOTIC: [8] A session had already been started - ignoring session_start() F:\webroot\Meeting\TPFramework\Common\functions.php 第 1263 行.
SQL: SHOW COLUMNS FROM `workflow_join` [ RunTime:0.0005s ]
SQL: SELECT * FROM `workflow_join` WHERE `cid` = 454 AND `mid` = 58 LIMIT 1   [ RunTime:0.0005s ]

[ 2016-09-29T22:09:36+08:00 ] 127.0.0.1 /Mobile/Client/myCenter/id/454/mid/58
INFO: [ app_init ] --START--
INFO: Run Behavior\BuildLiteBehavior [ RunTime:0.000000s ]
INFO: [ app_init ] --END-- [ RunTime:0.000500s ]
INFO: [ app_begin ] --START--
INFO: Run Behavior\ReadHtmlCacheBehavior [ RunTime:0.000500s ]
INFO: [ app_begin ] --END-- [ RunTime:0.000500s ]
NOTIC: [8] A session had already been started - ignoring session_start() F:\webroot\Meeting\TPFramework\Common\functions.php 第 1263 行.
SQL: SHOW COLUMNS FROM `workflow_join` [ RunTime:0.0010s ]
SQL: SELECT * FROM `workflow_join` WHERE `cid` = 454 AND `mid` = 58 LIMIT 1   [ RunTime:0.0005s ]

[ 2016-09-29T22:09:38+08:00 ] 127.0.0.1 /Mobile/Client/myCenter/id/454/mid/58
INFO: [ app_init ] --START--
INFO: Run Behavior\BuildLiteBehavior [ RunTime:0.000000s ]
INFO: [ app_init ] --END-- [ RunTime:0.000500s ]
INFO: [ app_begin ] --START--
INFO: Run Behavior\ReadHtmlCacheBehavior [ RunTime:0.001000s ]
INFO: [ app_begin ] --END-- [ RunTime:0.001000s ]
NOTIC: [8] A session had already been started - ignoring session_start() F:\webroot\Meeting\TPFramework\Common\functions.php 第 1263 行.
SQL: SHOW COLUMNS FROM `workflow_join` [ RunTime:0.0015s ]
SQL: SELECT * FROM `workflow_join` WHERE `cid` = 454 AND `mid` = 58 LIMIT 1   [ RunTime:0.0000s ]

[ 2016-09-29T22:09:40+08:00 ] 127.0.0.1 /Mobile/Client/myCenter/id/454/mid/58
INFO: [ app_init ] --START--
INFO: Run Behavior\BuildLiteBehavior [ RunTime:0.000500s ]
INFO: [ app_init ] --END-- [ RunTime:0.000500s ]
INFO: [ app_begin ] --START--
INFO: Run Behavior\ReadHtmlCacheBehavior [ RunTime:0.000500s ]
INFO: [ app_begin ] --END-- [ RunTime:0.000500s ]
NOTIC: [8] A session had already been started - ignoring session_start() F:\webroot\Meeting\TPFramework\Common\functions.php 第 1263 行.
SQL: SHOW COLUMNS FROM `workflow_join` [ RunTime:0.0005s ]
SQL: SELECT * FROM `workflow_join` WHERE `cid` = 454 AND `mid` = 58 LIMIT 1   [ RunTime:0.0005s ]

[ 2016-09-29T22:09:42+08:00 ] 127.0.0.1 /Mobile/Client/myCenter/id/454/mid/58
INFO: [ app_init ] --START--
INFO: Run Behavior\BuildLiteBehavior [ RunTime:0.000000s ]
INFO: [ app_init ] --END-- [ RunTime:0.001000s ]
INFO: [ app_begin ] --START--
INFO: Run Behavior\ReadHtmlCacheBehavior [ RunTime:0.000500s ]
INFO: [ app_begin ] --END-- [ RunTime:0.001000s ]
NOTIC: [8] A session had already been started - ignoring session_start() F:\webroot\Meeting\TPFramework\Common\functions.php 第 1263 行.
SQL: SHOW COLUMNS FROM `workflow_join` [ RunTime:0.0010s ]
SQL: SELECT * FROM `workflow_join` WHERE `cid` = 454 AND `mid` = 58 LIMIT 1   [ RunTime:0.0005s ]

[ 2016-09-29T22:09:44+08:00 ] 127.0.0.1 /Mobile/Client/myCenter/id/454/mid/58
INFO: [ app_init ] --START--
INFO: Run Behavior\BuildLiteBehavior [ RunTime:0.000000s ]
INFO: [ app_init ] --END-- [ RunTime:0.001000s ]
INFO: [ app_begin ] --START--
INFO: Run Behavior\ReadHtmlCacheBehavior [ RunTime:0.001000s ]
INFO: [ app_begin ] --END-- [ RunTime:0.001000s ]
NOTIC: [8] A session had already been started - ignoring session_start() F:\webroot\Meeting\TPFramework\Common\functions.php 第 1263 行.
SQL: SHOW COLUMNS FROM `workflow_join` [ RunTime:0.0005s ]
SQL: SELECT * FROM `workflow_join` WHERE `cid` = 454 AND `mid` = 58 LIMIT 1   [ RunTime:0.0005s ]

[ 2016-09-29T22:09:46+08:00 ] 127.0.0.1 /Mobile/Client/myCenter/id/454/mid/58
INFO: [ app_init ] --START--
INFO: Run Behavior\BuildLiteBehavior [ RunTime:0.000000s ]
INFO: [ app_init ] --END-- [ RunTime:0.000500s ]
INFO: [ app_begin ] --START--
INFO: Run Behavior\ReadHtmlCacheBehavior [ RunTime:0.000501s ]
INFO: [ app_begin ] --END-- [ RunTime:0.000501s ]
NOTIC: [8] A session had already been started - ignoring session_start() F:\webroot\Meeting\TPFramework\Common\functions.php 第 1263 行.
SQL: SHOW COLUMNS FROM `workflow_join` [ RunTime:0.0005s ]
SQL: SELECT * FROM `workflow_join` WHERE `cid` = 454 AND `mid` = 58 LIMIT 1   [ RunTime:0.0005s ]

[ 2016-09-29T22:09:48+08:00 ] 127.0.0.1 /Mobile/Client/myCenter/id/454/mid/58
INFO: [ app_init ] --START--
INFO: Run Behavior\BuildLiteBehavior [ RunTime:0.000000s ]
INFO: [ app_init ] --END-- [ RunTime:0.000000s ]
INFO: [ app_begin ] --START--
INFO: Run Behavior\ReadHtmlCacheBehavior [ RunTime:0.000000s ]
INFO: [ app_begin ] --END-- [ RunTime:0.000500s ]
NOTIC: [8] A session had already been started - ignoring session_start() F:\webroot\Meeting\TPFramework\Common\functions.php 第 1263 行.
SQL: SHOW COLUMNS FROM `workflow_join` [ RunTime:0.0010s ]
SQL: SELECT * FROM `workflow_join` WHERE `cid` = 454 AND `mid` = 58 LIMIT 1   [ RunTime:0.0005s ]

[ 2016-09-29T22:09:50+08:00 ] 127.0.0.1 /Mobile/Client/myCenter/id/454/mid/58
INFO: [ app_init ] --START--
INFO: Run Behavior\BuildLiteBehavior [ RunTime:0.000000s ]
INFO: [ app_init ] --END-- [ RunTime:0.000500s ]
INFO: [ app_begin ] --START--
INFO: Run Behavior\ReadHtmlCacheBehavior [ RunTime:0.000501s ]
INFO: [ app_begin ] --END-- [ RunTime:0.000501s ]
NOTIC: [8] A session had already been started - ignoring session_start() F:\webroot\Meeting\TPFramework\Common\functions.php 第 1263 行.
SQL: SHOW COLUMNS FROM `workflow_join` [ RunTime:0.0010s ]
SQL: SELECT * FROM `workflow_join` WHERE `cid` = 454 AND `mid` = 58 LIMIT 1   [ RunTime:0.0000s ]

[ 2016-09-29T22:09:52+08:00 ] 127.0.0.1 /Mobile/Client/myCenter/id/454/mid/58
INFO: [ app_init ] --START--
INFO: Run Behavior\BuildLiteBehavior [ RunTime:0.000500s ]
INFO: [ app_init ] --END-- [ RunTime:0.000500s ]
INFO: [ app_begin ] --START--
INFO: Run Behavior\ReadHtmlCacheBehavior [ RunTime:0.000500s ]
INFO: [ app_begin ] --END-- [ RunTime:0.000500s ]
NOTIC: [8] A session had already been started - ignoring session_start() F:\webroot\Meeting\TPFramework\Common\functions.php 第 1263 行.
SQL: SHOW COLUMNS FROM `workflow_join` [ RunTime:0.0005s ]
SQL: SELECT * FROM `workflow_join` WHERE `cid` = 454 AND `mid` = 58 LIMIT 1   [ RunTime:0.0005s ]

[ 2016-09-29T22:09:54+08:00 ] 127.0.0.1 /Mobile/Client/myCenter/id/454/mid/58
INFO: [ app_init ] --START--
INFO: Run Behavior\BuildLiteBehavior [ RunTime:0.000000s ]
INFO: [ app_init ] --END-- [ RunTime:0.000500s ]
INFO: [ app_begin ] --START--
INFO: Run Behavior\ReadHtmlCacheBehavior [ RunTime:0.000500s ]
INFO: [ app_begin ] --END-- [ RunTime:0.000500s ]
NOTIC: [8] A session had already been started - ignoring session_start() F:\webroot\Meeting\TPFramework\Common\functions.php 第 1263 行.
SQL: SHOW COLUMNS FROM `workflow_join` [ RunTime:0.0010s ]
SQL: SELECT * FROM `workflow_join` WHERE `cid` = 454 AND `mid` = 58 LIMIT 1   [ RunTime:0.0005s ]

[ 2016-09-29T22:09:56+08:00 ] 127.0.0.1 /Mobile/Client/myCenter/id/454/mid/58
INFO: [ app_init ] --START--
INFO: Run Behavior\BuildLiteBehavior [ RunTime:0.000000s ]
INFO: [ app_init ] --END-- [ RunTime:0.000500s ]
INFO: [ app_begin ] --START--
INFO: Run Behavior\ReadHtmlCacheBehavior [ RunTime:0.000500s ]
INFO: [ app_begin ] --END-- [ RunTime:0.000500s ]
NOTIC: [8] A session had already been started - ignoring session_start() F:\webroot\Meeting\TPFramework\Common\functions.php 第 1263 行.
SQL: SHOW COLUMNS FROM `workflow_join` [ RunTime:0.0005s ]
SQL: SELECT * FROM `workflow_join` WHERE `cid` = 454 AND `mid` = 58 LIMIT 1   [ RunTime:0.0005s ]

[ 2016-09-29T22:09:58+08:00 ] 127.0.0.1 /Mobile/Client/myCenter/id/454/mid/58
INFO: [ app_init ] --START--
INFO: Run Behavior\BuildLiteBehavior [ RunTime:0.000000s ]
INFO: [ app_init ] --END-- [ RunTime:0.000501s ]
INFO: [ app_begin ] --START--
INFO: Run Behavior\ReadHtmlCacheBehavior [ RunTime:0.000500s ]
INFO: [ app_begin ] --END-- [ RunTime:0.000500s ]
NOTIC: [8] A session had already been started - ignoring session_start() F:\webroot\Meeting\TPFramework\Common\functions.php 第 1263 行.
SQL: SHOW COLUMNS FROM `workflow_join` [ RunTime:0.0010s ]
SQL: SELECT * FROM `workflow_join` WHERE `cid` = 454 AND `mid` = 58 LIMIT 1   [ RunTime:0.0000s ]

[ 2016-09-29T22:10:00+08:00 ] 127.0.0.1 /Mobile/Client/myCenter/id/454/mid/58
INFO: [ app_init ] --START--
INFO: Run Behavior\BuildLiteBehavior [ RunTime:0.000000s ]
INFO: [ app_init ] --END-- [ RunTime:0.000501s ]
INFO: [ app_begin ] --START--
INFO: Run Behavior\ReadHtmlCacheBehavior [ RunTime:0.000500s ]
INFO: [ app_begin ] --END-- [ RunTime:0.001000s ]
NOTIC: [8] A session had already been started - ignoring session_start() F:\webroot\Meeting\TPFramework\Common\functions.php 第 1263 行.
SQL: SHOW COLUMNS FROM `workflow_join` [ RunTime:0.0010s ]
SQL: SELECT * FROM `workflow_join` WHERE `cid` = 454 AND `mid` = 58 LIMIT 1   [ RunTime:0.0010s ]

[ 2016-09-29T22:10:02+08:00 ] 127.0.0.1 /Mobile/Client/myCenter/id/454/mid/58
INFO: [ app_init ] --START--
INFO: Run Behavior\BuildLiteBehavior [ RunTime:0.000000s ]
INFO: [ app_init ] --END-- [ RunTime:0.001000s ]
INFO: [ app_begin ] --START--
INFO: Run Behavior\ReadHtmlCacheBehavior [ RunTime:0.000500s ]
INFO: [ app_begin ] --END-- [ RunTime:0.000500s ]
NOTIC: [8] A session had already been started - ignoring session_start() F:\webroot\Meeting\TPFramework\Common\functions.php 第 1263 行.
SQL: SHOW COLUMNS FROM `workflow_join` [ RunTime:0.0010s ]
SQL: SELECT * FROM `workflow_join` WHERE `cid` = 454 AND `mid` = 58 LIMIT 1   [ RunTime:0.0005s ]

[ 2016-09-29T22:10:04+08:00 ] 127.0.0.1 /Mobile/Client/myCenter/id/454/mid/58
INFO: [ app_init ] --START--
INFO: Run Behavior\BuildLiteBehavior [ RunTime:0.000000s ]
INFO: [ app_init ] --END-- [ RunTime:0.000501s ]
INFO: [ app_begin ] --START--
INFO: Run Behavior\ReadHtmlCacheBehavior [ RunTime:0.000500s ]
INFO: [ app_begin ] --END-- [ RunTime:0.000500s ]
NOTIC: [8] A session had already been started - ignoring session_start() F:\webroot\Meeting\TPFramework\Common\functions.php 第 1263 行.
SQL: SHOW COLUMNS FROM `workflow_join` [ RunTime:0.0005s ]
SQL: SELECT * FROM `workflow_join` WHERE `cid` = 454 AND `mid` = 58 LIMIT 1   [ RunTime:0.0005s ]

[ 2016-09-29T22:10:06+08:00 ] 127.0.0.1 /Mobile/Client/myCenter/id/454/mid/58
INFO: [ app_init ] --START--
INFO: Run Behavior\BuildLiteBehavior [ RunTime:0.000000s ]
INFO: [ app_init ] --END-- [ RunTime:0.000500s ]
INFO: [ app_begin ] --START--
INFO: Run Behavior\ReadHtmlCacheBehavior [ RunTime:0.000000s ]
INFO: [ app_begin ] --END-- [ RunTime:0.000500s ]
NOTIC: [8] A session had already been started - ignoring session_start() F:\webroot\Meeting\TPFramework\Common\functions.php 第 1263 行.
SQL: SHOW COLUMNS FROM `workflow_join` [ RunTime:0.0015s ]
SQL: SELECT * FROM `workflow_join` WHERE `cid` = 454 AND `mid` = 58 LIMIT 1   [ RunTime:0.0005s ]

[ 2016-09-29T22:10:08+08:00 ] 127.0.0.1 /Mobile/Client/myCenter/id/454/mid/58
INFO: [ app_init ] --START--
INFO: Run Behavior\BuildLiteBehavior [ RunTime:0.000000s ]
INFO: [ app_init ] --END-- [ RunTime:0.000500s ]
INFO: [ app_begin ] --START--
INFO: Run Behavior\ReadHtmlCacheBehavior [ RunTime:0.000500s ]
INFO: [ app_begin ] --END-- [ RunTime:0.000500s ]
NOTIC: [8] A session had already been started - ignoring session_start() F:\webroot\Meeting\TPFramework\Common\functions.php 第 1263 行.
SQL: SHOW COLUMNS FROM `workflow_join` [ RunTime:0.0005s ]
SQL: SELECT * FROM `workflow_join` WHERE `cid` = 454 AND `mid` = 58 LIMIT 1   [ RunTime:0.0000s ]

[ 2016-09-29T22:10:10+08:00 ] 127.0.0.1 /Mobile/Client/myCenter/id/454/mid/58
INFO: [ app_init ] --START--
INFO: Run Behavior\BuildLiteBehavior [ RunTime:0.000000s ]
INFO: [ app_init ] --END-- [ RunTime:0.000500s ]
INFO: [ app_begin ] --START--
INFO: Run Behavior\ReadHtmlCacheBehavior [ RunTime:0.000500s ]
INFO: [ app_begin ] --END-- [ RunTime:0.001000s ]
NOTIC: [8] A session had already been started - ignoring session_start() F:\webroot\Meeting\TPFramework\Common\functions.php 第 1263 行.
SQL: SHOW COLUMNS FROM `workflow_join` [ RunTime:0.0005s ]
SQL: SELECT * FROM `workflow_join` WHERE `cid` = 454 AND `mid` = 58 LIMIT 1   [ RunTime:0.0005s ]

[ 2016-09-29T22:10:12+08:00 ] 127.0.0.1 /Mobile/Client/myCenter/id/454/mid/58
INFO: [ app_init ] --START--
INFO: Run Behavior\BuildLiteBehavior [ RunTime:0.000000s ]
INFO: [ app_init ] --END-- [ RunTime:0.000501s ]
INFO: [ app_begin ] --START--
INFO: Run Behavior\ReadHtmlCacheBehavior [ RunTime:0.000500s ]
INFO: [ app_begin ] --END-- [ RunTime:0.000500s ]
NOTIC: [8] A session had already been started - ignoring session_start() F:\webroot\Meeting\TPFramework\Common\functions.php 第 1263 行.
SQL: SHOW COLUMNS FROM `workflow_join` [ RunTime:0.0005s ]
SQL: SELECT * FROM `workflow_join` WHERE `cid` = 454 AND `mid` = 58 LIMIT 1   [ RunTime:0.0000s ]

[ 2016-09-29T22:10:14+08:00 ] 127.0.0.1 /Mobile/Client/myCenter/id/454/mid/58
INFO: [ app_init ] --START--
INFO: Run Behavior\BuildLiteBehavior [ RunTime:0.000000s ]
INFO: [ app_init ] --END-- [ RunTime:0.000500s ]
INFO: [ app_begin ] --START--
INFO: Run Behavior\ReadHtmlCacheBehavior [ RunTime:0.000500s ]
INFO: [ app_begin ] --END-- [ RunTime:0.001000s ]
NOTIC: [8] A session had already been started - ignoring session_start() F:\webroot\Meeting\TPFramework\Common\functions.php 第 1263 行.
SQL: SHOW COLUMNS FROM `workflow_join` [ RunTime:0.0010s ]
SQL: SELECT * FROM `workflow_join` WHERE `cid` = 454 AND `mid` = 58 LIMIT 1   [ RunTime:0.0005s ]

[ 2016-09-29T22:10:16+08:00 ] 127.0.0.1 /Mobile/Client/myCenter/id/454/mid/58
INFO: [ app_init ] --START--
INFO: Run Behavior\BuildLiteBehavior [ RunTime:0.000000s ]
INFO: [ app_init ] --END-- [ RunTime:0.000000s ]
INFO: [ app_begin ] --START--
INFO: Run Behavior\ReadHtmlCacheBehavior [ RunTime:0.000000s ]
INFO: [ app_begin ] --END-- [ RunTime:0.000500s ]
NOTIC: [8] A session had already been started - ignoring session_start() F:\webroot\Meeting\TPFramework\Common\functions.php 第 1263 行.
SQL: SHOW COLUMNS FROM `workflow_join` [ RunTime:0.0005s ]
SQL: SELECT * FROM `workflow_join` WHERE `cid` = 454 AND `mid` = 58 LIMIT 1   [ RunTime:0.0005s ]

[ 2016-09-29T22:10:18+08:00 ] 127.0.0.1 /Mobile/Client/myCenter/id/454/mid/58
INFO: [ app_init ] --START--
INFO: Run Behavior\BuildLiteBehavior [ RunTime:0.000000s ]
INFO: [ app_init ] --END-- [ RunTime:0.001000s ]
INFO: [ app_begin ] --START--
INFO: Run Behavior\ReadHtmlCacheBehavior [ RunTime:0.000500s ]
INFO: [ app_begin ] --END-- [ RunTime:0.000500s ]
NOTIC: [8] A session had already been started - ignoring session_start() F:\webroot\Meeting\TPFramework\Common\functions.php 第 1263 行.
SQL: SHOW COLUMNS FROM `workflow_join` [ RunTime:0.0005s ]
SQL: SELECT * FROM `workflow_join` WHERE `cid` = 454 AND `mid` = 58 LIMIT 1   [ RunTime:0.0005s ]

[ 2016-09-29T22:10:20+08:00 ] 127.0.0.1 /Mobile/Client/myCenter/id/454/mid/58
INFO: [ app_init ] --START--
INFO: Run Behavior\BuildLiteBehavior [ RunTime:0.000000s ]
INFO: [ app_init ] --END-- [ RunTime:0.000500s ]
INFO: [ app_begin ] --START--
INFO: Run Behavior\ReadHtmlCacheBehavior [ RunTime:0.000500s ]
INFO: [ app_begin ] --END-- [ RunTime:0.000500s ]
NOTIC: [8] A session had already been started - ignoring session_start() F:\webroot\Meeting\TPFramework\Common\functions.php 第 1263 行.
SQL: SHOW COLUMNS FROM `workflow_join` [ RunTime:0.0005s ]
SQL: SELECT * FROM `workflow_join` WHERE `cid` = 454 AND `mid` = 58 LIMIT 1   [ RunTime:0.0005s ]

[ 2016-09-29T22:10:22+08:00 ] 127.0.0.1 /Mobile/Client/myCenter/id/454/mid/58
INFO: [ app_init ] --START--
INFO: Run Behavior\BuildLiteBehavior [ RunTime:0.000500s ]
INFO: [ app_init ] --END-- [ RunTime:0.000500s ]
INFO: [ app_begin ] --START--
INFO: Run Behavior\ReadHtmlCacheBehavior [ RunTime:0.000000s ]
INFO: [ app_begin ] --END-- [ RunTime:0.000500s ]
NOTIC: [8] A session had already been started - ignoring session_start() F:\webroot\Meeting\TPFramework\Common\functions.php 第 1263 行.
SQL: SHOW COLUMNS FROM `workflow_join` [ RunTime:0.0010s ]
SQL: SELECT * FROM `workflow_join` WHERE `cid` = 454 AND `mid` = 58 LIMIT 1   [ RunTime:0.0005s ]

[ 2016-09-29T22:10:24+08:00 ] 127.0.0.1 /Mobile/Client/myCenter/id/454/mid/58
INFO: [ app_init ] --START--
INFO: Run Behavior\BuildLiteBehavior [ RunTime:0.000000s ]
INFO: [ app_init ] --END-- [ RunTime:0.000000s ]
INFO: [ app_begin ] --START--
INFO: Run Behavior\ReadHtmlCacheBehavior [ RunTime:0.000501s ]
INFO: [ app_begin ] --END-- [ RunTime:0.000501s ]
NOTIC: [8] A session had already been started - ignoring session_start() F:\webroot\Meeting\TPFramework\Common\functions.php 第 1263 行.
SQL: SHOW COLUMNS FROM `workflow_join` [ RunTime:0.0005s ]
SQL: SELECT * FROM `workflow_join` WHERE `cid` = 454 AND `mid` = 58 LIMIT 1   [ RunTime:0.0005s ]

[ 2016-09-29T22:10:26+08:00 ] 127.0.0.1 /Mobile/Client/myCenter/id/454/mid/58
INFO: [ app_init ] --START--
INFO: Run Behavior\BuildLiteBehavior [ RunTime:0.000000s ]
INFO: [ app_init ] --END-- [ RunTime:0.000500s ]
INFO: [ app_begin ] --START--
INFO: Run Behavior\ReadHtmlCacheBehavior [ RunTime:0.000500s ]
INFO: [ app_begin ] --END-- [ RunTime:0.000500s ]
NOTIC: [8] A session had already been started - ignoring session_start() F:\webroot\Meeting\TPFramework\Common\functions.php 第 1263 行.
SQL: SHOW COLUMNS FROM `workflow_join` [ RunTime:0.0005s ]
SQL: SELECT * FROM `workflow_join` WHERE `cid` = 454 AND `mid` = 58 LIMIT 1   [ RunTime:0.0005s ]

[ 2016-09-29T22:10:28+08:00 ] 127.0.0.1 /Mobile/Client/myCenter/id/454/mid/58
INFO: [ app_init ] --START--
INFO: Run Behavior\BuildLiteBehavior [ RunTime:0.000000s ]
INFO: [ app_init ] --END-- [ RunTime:0.000500s ]
INFO: [ app_begin ] --START--
INFO: Run Behavior\ReadHtmlCacheBehavior [ RunTime:0.000500s ]
INFO: [ app_begin ] --END-- [ RunTime:0.000500s ]
NOTIC: [8] A session had already been started - ignoring session_start() F:\webroot\Meeting\TPFramework\Common\functions.php 第 1263 行.
SQL: SHOW COLUMNS FROM `workflow_join` [ RunTime:0.0005s ]
SQL: SELECT * FROM `workflow_join` WHERE `cid` = 454 AND `mid` = 58 LIMIT 1   [ RunTime:0.0005s ]

[ 2016-09-29T22:10:30+08:00 ] 127.0.0.1 /Mobile/Client/myCenter/id/454/mid/58
INFO: [ app_init ] --START--
INFO: Run Behavior\BuildLiteBehavior [ RunTime:0.000000s ]
INFO: [ app_init ] --END-- [ RunTime:0.000500s ]
INFO: [ app_begin ] --START--
INFO: Run Behavior\ReadHtmlCacheBehavior [ RunTime:0.000500s ]
INFO: [ app_begin ] --END-- [ RunTime:0.000500s ]
NOTIC: [8] A session had already been started - ignoring session_start() F:\webroot\Meeting\TPFramework\Common\functions.php 第 1263 行.
SQL: SHOW COLUMNS FROM `workflow_join` [ RunTime:0.0010s ]
SQL: SELECT * FROM `workflow_join` WHERE `cid` = 454 AND `mid` = 58 LIMIT 1   [ RunTime:0.0005s ]

[ 2016-09-29T22:10:32+08:00 ] 127.0.0.1 /Mobile/Client/myCenter/id/454/mid/58
INFO: [ app_init ] --START--
INFO: Run Behavior\BuildLiteBehavior [ RunTime:0.000000s ]
INFO: [ app_init ] --END-- [ RunTime:0.000000s ]
INFO: [ app_begin ] --START--
INFO: Run Behavior\ReadHtmlCacheBehavior [ RunTime:0.000501s ]
INFO: [ app_begin ] --END-- [ RunTime:0.000501s ]
NOTIC: [8] A session had already been started - ignoring session_start() F:\webroot\Meeting\TPFramework\Common\functions.php 第 1263 行.
SQL: SHOW COLUMNS FROM `workflow_join` [ RunTime:0.0005s ]
SQL: SELECT * FROM `workflow_join` WHERE `cid` = 454 AND `mid` = 58 LIMIT 1   [ RunTime:0.0005s ]

[ 2016-09-29T22:10:34+08:00 ] 127.0.0.1 /Mobile/Client/myCenter/id/454/mid/58
INFO: [ app_init ] --START--
INFO: Run Behavior\BuildLiteBehavior [ RunTime:0.000000s ]
INFO: [ app_init ] --END-- [ RunTime:0.000500s ]
INFO: [ app_begin ] --START--
INFO: Run Behavior\ReadHtmlCacheBehavior [ RunTime:0.000500s ]
INFO: [ app_begin ] --END-- [ RunTime:0.000500s ]
NOTIC: [8] A session had already been started - ignoring session_start() F:\webroot\Meeting\TPFramework\Common\functions.php 第 1263 行.
SQL: SHOW COLUMNS FROM `workflow_join` [ RunTime:0.0005s ]
SQL: SELECT * FROM `workflow_join` WHERE `cid` = 454 AND `mid` = 58 LIMIT 1   [ RunTime:0.0005s ]

[ 2016-09-29T22:10:36+08:00 ] 127.0.0.1 /Mobile/Client/myCenter/id/454/mid/58
INFO: [ app_init ] --START--
INFO: Run Behavior\BuildLiteBehavior [ RunTime:0.000000s ]
INFO: [ app_init ] --END-- [ RunTime:0.000500s ]
INFO: [ app_begin ] --START--
INFO: Run Behavior\ReadHtmlCacheBehavior [ RunTime:0.000500s ]
INFO: [ app_begin ] --END-- [ RunTime:0.000500s ]
NOTIC: [8] A session had already been started - ignoring session_start() F:\webroot\Meeting\TPFramework\Common\functions.php 第 1263 行.
SQL: SHOW COLUMNS FROM `workflow_join` [ RunTime:0.0010s ]
SQL: SELECT * FROM `workflow_join` WHERE `cid` = 454 AND `mid` = 58 LIMIT 1   [ RunTime:0.0005s ]

[ 2016-09-29T22:10:38+08:00 ] 127.0.0.1 /Mobile/Client/myCenter/id/454/mid/58
INFO: [ app_init ] --START--
INFO: Run Behavior\BuildLiteBehavior [ RunTime:0.000000s ]
INFO: [ app_init ] --END-- [ RunTime:0.000501s ]
INFO: [ app_begin ] --START--
INFO: Run Behavior\ReadHtmlCacheBehavior [ RunTime:0.000500s ]
INFO: [ app_begin ] --END-- [ RunTime:0.000500s ]
NOTIC: [8] A session had already been started - ignoring session_start() F:\webroot\Meeting\TPFramework\Common\functions.php 第 1263 行.
SQL: SHOW COLUMNS FROM `workflow_join` [ RunTime:0.0005s ]
SQL: SELECT * FROM `workflow_join` WHERE `cid` = 454 AND `mid` = 58 LIMIT 1   [ RunTime:0.0000s ]

[ 2016-09-29T22:10:40+08:00 ] 127.0.0.1 /Mobile/Client/myCenter/id/454/mid/58
INFO: [ app_init ] --START--
INFO: Run Behavior\BuildLiteBehavior [ RunTime:0.000000s ]
INFO: [ app_init ] --END-- [ RunTime:0.001000s ]
INFO: [ app_begin ] --START--
INFO: Run Behavior\ReadHtmlCacheBehavior [ RunTime:0.001001s ]
INFO: [ app_begin ] --END-- [ RunTime:0.001501s ]
NOTIC: [8] A session had already been started - ignoring session_start() F:\webroot\Meeting\TPFramework\Common\functions.php 第 1263 行.
SQL: SHOW COLUMNS FROM `workflow_join` [ RunTime:0.0010s ]
SQL: SELECT * FROM `workflow_join` WHERE `cid` = 454 AND `mid` = 58 LIMIT 1   [ RunTime:0.0005s ]

[ 2016-09-29T22:10:42+08:00 ] 127.0.0.1 /Mobile/Client/myCenter/id/454/mid/58
INFO: [ app_init ] --START--
INFO: Run Behavior\BuildLiteBehavior [ RunTime:0.000000s ]
INFO: [ app_init ] --END-- [ RunTime:0.000500s ]
INFO: [ app_begin ] --START--
INFO: Run Behavior\ReadHtmlCacheBehavior [ RunTime:0.000500s ]
INFO: [ app_begin ] --END-- [ RunTime:0.000500s ]
NOTIC: [8] A session had already been started - ignoring session_start() F:\webroot\Meeting\TPFramework\Common\functions.php 第 1263 行.
SQL: SHOW COLUMNS FROM `workflow_join` [ RunTime:0.0005s ]
SQL: SELECT * FROM `workflow_join` WHERE `cid` = 454 AND `mid` = 58 LIMIT 1   [ RunTime:0.0010s ]

[ 2016-09-29T22:10:44+08:00 ] 127.0.0.1 /Mobile/Client/myCenter/id/454/mid/58
INFO: [ app_init ] --START--
INFO: Run Behavior\BuildLiteBehavior [ RunTime:0.000000s ]
INFO: [ app_init ] --END-- [ RunTime:0.000500s ]
INFO: [ app_begin ] --START--
INFO: Run Behavior\ReadHtmlCacheBehavior [ RunTime:0.000500s ]
INFO: [ app_begin ] --END-- [ RunTime:0.000500s ]
NOTIC: [8] A session had already been started - ignoring session_start() F:\webroot\Meeting\TPFramework\Common\functions.php 第 1263 行.
SQL: SHOW COLUMNS FROM `workflow_join` [ RunTime:0.0010s ]
SQL: SELECT * FROM `workflow_join` WHERE `cid` = 454 AND `mid` = 58 LIMIT 1   [ RunTime:0.0000s ]

[ 2016-09-29T22:10:46+08:00 ] 127.0.0.1 /Mobile/Client/myCenter/id/454/mid/58
INFO: [ app_init ] --START--
INFO: Run Behavior\BuildLiteBehavior [ RunTime:0.000000s ]
INFO: [ app_init ] --END-- [ RunTime:0.000500s ]
INFO: [ app_begin ] --START--
INFO: Run Behavior\ReadHtmlCacheBehavior [ RunTime:0.000501s ]
INFO: [ app_begin ] --END-- [ RunTime:0.000501s ]
NOTIC: [8] A session had already been started - ignoring session_start() F:\webroot\Meeting\TPFramework\Common\functions.php 第 1263 行.
SQL: SHOW COLUMNS FROM `workflow_join` [ RunTime:0.0005s ]
SQL: SELECT * FROM `workflow_join` WHERE `cid` = 454 AND `mid` = 58 LIMIT 1   [ RunTime:0.0000s ]

[ 2016-09-29T22:10:48+08:00 ] 127.0.0.1 /Mobile/Client/myCenter/id/454/mid/58
INFO: [ app_init ] --START--
INFO: Run Behavior\BuildLiteBehavior [ RunTime:0.000000s ]
INFO: [ app_init ] --END-- [ RunTime:0.000500s ]
INFO: [ app_begin ] --START--
INFO: Run Behavior\ReadHtmlCacheBehavior [ RunTime:0.000500s ]
INFO: [ app_begin ] --END-- [ RunTime:0.001000s ]
NOTIC: [8] A session had already been started - ignoring session_start() F:\webroot\Meeting\TPFramework\Common\functions.php 第 1263 行.
SQL: SHOW COLUMNS FROM `workflow_join` [ RunTime:0.0005s ]
SQL: SELECT * FROM `workflow_join` WHERE `cid` = 454 AND `mid` = 58 LIMIT 1   [ RunTime:0.0005s ]

[ 2016-09-29T22:10:50+08:00 ] 127.0.0.1 /Mobile/Client/myCenter/id/454/mid/58
INFO: [ app_init ] --START--
INFO: Run Behavior\BuildLiteBehavior [ RunTime:0.000000s ]
INFO: [ app_init ] --END-- [ RunTime:0.000500s ]
INFO: [ app_begin ] --START--
INFO: Run Behavior\ReadHtmlCacheBehavior [ RunTime:0.000500s ]
INFO: [ app_begin ] --END-- [ RunTime:0.000500s ]
NOTIC: [8] A session had already been started - ignoring session_start() F:\webroot\Meeting\TPFramework\Common\functions.php 第 1263 行.
SQL: SHOW COLUMNS FROM `workflow_join` [ RunTime:0.0010s ]
SQL: SELECT * FROM `workflow_join` WHERE `cid` = 454 AND `mid` = 58 LIMIT 1   [ RunTime:0.0005s ]

[ 2016-09-29T22:10:52+08:00 ] 127.0.0.1 /Mobile/Client/myCenter/id/454/mid/58
INFO: [ app_init ] --START--
INFO: Run Behavior\BuildLiteBehavior [ RunTime:0.000000s ]
INFO: [ app_init ] --END-- [ RunTime:0.000500s ]
INFO: [ app_begin ] --START--
INFO: Run Behavior\ReadHtmlCacheBehavior [ RunTime:0.000500s ]
INFO: [ app_begin ] --END-- [ RunTime:0.000500s ]
NOTIC: [8] A session had already been started - ignoring session_start() F:\webroot\Meeting\TPFramework\Common\functions.php 第 1263 行.
SQL: SHOW COLUMNS FROM `workflow_join` [ RunTime:0.0005s ]
SQL: SELECT * FROM `workflow_join` WHERE `cid` = 454 AND `mid` = 58 LIMIT 1   [ RunTime:0.0005s ]

[ 2016-09-29T22:10:54+08:00 ] 127.0.0.1 /Mobile/Client/myCenter/id/454/mid/58
INFO: [ app_init ] --START--
INFO: Run Behavior\BuildLiteBehavior [ RunTime:0.000000s ]
INFO: [ app_init ] --END-- [ RunTime:0.000500s ]
INFO: [ app_begin ] --START--
INFO: Run Behavior\ReadHtmlCacheBehavior [ RunTime:0.000501s ]
INFO: [ app_begin ] --END-- [ RunTime:0.001001s ]
NOTIC: [8] A session had already been started - ignoring session_start() F:\webroot\Meeting\TPFramework\Common\functions.php 第 1263 行.
SQL: SHOW COLUMNS FROM `workflow_join` [ RunTime:0.0010s ]
SQL: SELECT * FROM `workflow_join` WHERE `cid` = 454 AND `mid` = 58 LIMIT 1   [ RunTime:0.0010s ]

[ 2016-09-29T22:10:56+08:00 ] 127.0.0.1 /Mobile/Client/myCenter/id/454/mid/58
INFO: [ app_init ] --START--
INFO: Run Behavior\BuildLiteBehavior [ RunTime:0.000000s ]
INFO: [ app_init ] --END-- [ RunTime:0.000500s ]
INFO: [ app_begin ] --START--
INFO: Run Behavior\ReadHtmlCacheBehavior [ RunTime:0.000000s ]
INFO: [ app_begin ] --END-- [ RunTime:0.000500s ]
NOTIC: [8] A session had already been started - ignoring session_start() F:\webroot\Meeting\TPFramework\Common\functions.php 第 1263 行.
SQL: SHOW COLUMNS FROM `workflow_join` [ RunTime:0.0005s ]
SQL: SELECT * FROM `workflow_join` WHERE `cid` = 454 AND `mid` = 58 LIMIT 1   [ RunTime:0.0005s ]

[ 2016-09-29T22:10:58+08:00 ] 127.0.0.1 /Mobile/Client/myCenter/id/454/mid/58
INFO: [ app_init ] --START--
INFO: Run Behavior\BuildLiteBehavior [ RunTime:0.000000s ]
INFO: [ app_init ] --END-- [ RunTime:0.000500s ]
INFO: [ app_begin ] --START--
INFO: Run Behavior\ReadHtmlCacheBehavior [ RunTime:0.000000s ]
INFO: [ app_begin ] --END-- [ RunTime:0.000500s ]
NOTIC: [8] A session had already been started - ignoring session_start() F:\webroot\Meeting\TPFramework\Common\functions.php 第 1263 行.
SQL: SHOW COLUMNS FROM `workflow_join` [ RunTime:0.0005s ]
SQL: SELECT * FROM `workflow_join` WHERE `cid` = 454 AND `mid` = 58 LIMIT 1   [ RunTime:0.0000s ]

[ 2016-09-29T22:11:00+08:00 ] 127.0.0.1 /Mobile/Client/myCenter/id/454/mid/58
INFO: [ app_init ] --START--
INFO: Run Behavior\BuildLiteBehavior [ RunTime:0.000000s ]
INFO: [ app_init ] --END-- [ RunTime:0.000500s ]
INFO: [ app_begin ] --START--
INFO: Run Behavior\ReadHtmlCacheBehavior [ RunTime:0.000501s ]
INFO: [ app_begin ] --END-- [ RunTime:0.000501s ]
NOTIC: [8] A session had already been started - ignoring session_start() F:\webroot\Meeting\TPFramework\Common\functions.php 第 1263 行.
SQL: SHOW COLUMNS FROM `workflow_join` [ RunTime:0.0005s ]
SQL: SELECT * FROM `workflow_join` WHERE `cid` = 454 AND `mid` = 58 LIMIT 1   [ RunTime:0.0000s ]

[ 2016-09-29T22:11:02+08:00 ] 127.0.0.1 /Mobile/Client/myCenter/id/454/mid/58
INFO: [ app_init ] --START--
INFO: Run Behavior\BuildLiteBehavior [ RunTime:0.000000s ]
INFO: [ app_init ] --END-- [ RunTime:0.000500s ]
INFO: [ app_begin ] --START--
INFO: Run Behavior\ReadHtmlCacheBehavior [ RunTime:0.000500s ]
INFO: [ app_begin ] --END-- [ RunTime:0.000500s ]
NOTIC: [8] A session had already been started - ignoring session_start() F:\webroot\Meeting\TPFramework\Common\functions.php 第 1263 行.
SQL: SHOW COLUMNS FROM `workflow_join` [ RunTime:0.0010s ]
SQL: SELECT * FROM `workflow_join` WHERE `cid` = 454 AND `mid` = 58 LIMIT 1   [ RunTime:0.0005s ]

[ 2016-09-29T22:11:04+08:00 ] 127.0.0.1 /Mobile/Client/myCenter/id/454/mid/58
INFO: [ app_init ] --START--
INFO: Run Behavior\BuildLiteBehavior [ RunTime:0.000000s ]
INFO: [ app_init ] --END-- [ RunTime:0.000000s ]
INFO: [ app_begin ] --START--
INFO: Run Behavior\ReadHtmlCacheBehavior [ RunTime:0.000500s ]
INFO: [ app_begin ] --END-- [ RunTime:0.000500s ]
NOTIC: [8] A session had already been started - ignoring session_start() F:\webroot\Meeting\TPFramework\Common\functions.php 第 1263 行.
SQL: SHOW COLUMNS FROM `workflow_join` [ RunTime:0.0005s ]
SQL: SELECT * FROM `workflow_join` WHERE `cid` = 454 AND `mid` = 58 LIMIT 1   [ RunTime:0.0005s ]

[ 2016-09-29T22:11:06+08:00 ] 127.0.0.1 /Mobile/Client/myCenter/id/454/mid/58
INFO: [ app_init ] --START--
INFO: Run Behavior\BuildLiteBehavior [ RunTime:0.000000s ]
INFO: [ app_init ] --END-- [ RunTime:0.001000s ]
INFO: [ app_begin ] --START--
INFO: Run Behavior\ReadHtmlCacheBehavior [ RunTime:0.000500s ]
INFO: [ app_begin ] --END-- [ RunTime:0.000500s ]
NOTIC: [8] A session had already been started - ignoring session_start() F:\webroot\Meeting\TPFramework\Common\functions.php 第 1263 行.
SQL: SHOW COLUMNS FROM `workflow_join` [ RunTime:0.0005s ]
SQL: SELECT * FROM `workflow_join` WHERE `cid` = 454 AND `mid` = 58 LIMIT 1   [ RunTime:0.0005s ]

[ 2016-09-29T22:11:08+08:00 ] 127.0.0.1 /Mobile/Client/myCenter/id/454/mid/58
INFO: [ app_init ] --START--
INFO: Run Behavior\BuildLiteBehavior [ RunTime:0.000500s ]
INFO: [ app_init ] --END-- [ RunTime:0.001000s ]
INFO: [ app_begin ] --START--
INFO: Run Behavior\ReadHtmlCacheBehavior [ RunTime:0.001001s ]
INFO: [ app_begin ] --END-- [ RunTime:0.001001s ]
NOTIC: [8] A session had already been started - ignoring session_start() F:\webroot\Meeting\TPFramework\Common\functions.php 第 1263 行.
SQL: SHOW COLUMNS FROM `workflow_join` [ RunTime:0.0010s ]
SQL: SELECT * FROM `workflow_join` WHERE `cid` = 454 AND `mid` = 58 LIMIT 1   [ RunTime:0.0005s ]

[ 2016-09-29T22:11:10+08:00 ] 127.0.0.1 /Mobile/Client/myCenter/id/454/mid/58
INFO: [ app_init ] --START--
INFO: Run Behavior\BuildLiteBehavior [ RunTime:0.000000s ]
INFO: [ app_init ] --END-- [ RunTime:0.000500s ]
INFO: [ app_begin ] --START--
INFO: Run Behavior\ReadHtmlCacheBehavior [ RunTime:0.000501s ]
INFO: [ app_begin ] --END-- [ RunTime:0.000501s ]
NOTIC: [8] A session had already been started - ignoring session_start() F:\webroot\Meeting\TPFramework\Common\functions.php 第 1263 行.
SQL: SHOW COLUMNS FROM `workflow_join` [ RunTime:0.0010s ]
SQL: SELECT * FROM `workflow_join` WHERE `cid` = 454 AND `mid` = 58 LIMIT 1   [ RunTime:0.0005s ]

[ 2016-09-29T22:11:12+08:00 ] 127.0.0.1 /Mobile/Client/myCenter/id/454/mid/58
INFO: [ app_init ] --START--
INFO: Run Behavior\BuildLiteBehavior [ RunTime:0.000000s ]
INFO: [ app_init ] --END-- [ RunTime:0.000500s ]
INFO: [ app_begin ] --START--
INFO: Run Behavior\ReadHtmlCacheBehavior [ RunTime:0.000500s ]
INFO: [ app_begin ] --END-- [ RunTime:0.000500s ]
NOTIC: [8] A session had already been started - ignoring session_start() F:\webroot\Meeting\TPFramework\Common\functions.php 第 1263 行.
SQL: SHOW COLUMNS FROM `workflow_join` [ RunTime:0.0005s ]
SQL: SELECT * FROM `workflow_join` WHERE `cid` = 454 AND `mid` = 58 LIMIT 1   [ RunTime:0.0000s ]

[ 2016-09-29T22:11:14+08:00 ] 127.0.0.1 /Mobile/Client/myCenter/id/454/mid/58
INFO: [ app_init ] --START--
INFO: Run Behavior\BuildLiteBehavior [ RunTime:0.000000s ]
INFO: [ app_init ] --END-- [ RunTime:0.001000s ]
INFO: [ app_begin ] --START--
INFO: Run Behavior\ReadHtmlCacheBehavior [ RunTime:0.000500s ]
INFO: [ app_begin ] --END-- [ RunTime:0.000500s ]
NOTIC: [8] A session had already been started - ignoring session_start() F:\webroot\Meeting\TPFramework\Common\functions.php 第 1263 行.
SQL: SHOW COLUMNS FROM `workflow_join` [ RunTime:0.0010s ]
SQL: SELECT * FROM `workflow_join` WHERE `cid` = 454 AND `mid` = 58 LIMIT 1   [ RunTime:0.0005s ]

[ 2016-09-29T22:11:16+08:00 ] 127.0.0.1 /Mobile/Client/myCenter/id/454/mid/58
INFO: [ app_init ] --START--
INFO: Run Behavior\BuildLiteBehavior [ RunTime:0.000000s ]
INFO: [ app_init ] --END-- [ RunTime:0.000501s ]
INFO: [ app_begin ] --START--
INFO: Run Behavior\ReadHtmlCacheBehavior [ RunTime:0.001000s ]
INFO: [ app_begin ] --END-- [ RunTime:0.001000s ]
NOTIC: [8] A session had already been started - ignoring session_start() F:\webroot\Meeting\TPFramework\Common\functions.php 第 1263 行.
SQL: SHOW COLUMNS FROM `workflow_join` [ RunTime:0.0005s ]
SQL: SELECT * FROM `workflow_join` WHERE `cid` = 454 AND `mid` = 58 LIMIT 1   [ RunTime:0.0000s ]

[ 2016-09-29T22:11:18+08:00 ] 127.0.0.1 /Mobile/Client/myCenter/id/454/mid/58
INFO: [ app_init ] --START--
INFO: Run Behavior\BuildLiteBehavior [ RunTime:0.000000s ]
INFO: [ app_init ] --END-- [ RunTime:0.000500s ]
INFO: [ app_begin ] --START--
INFO: Run Behavior\ReadHtmlCacheBehavior [ RunTime:0.000000s ]
INFO: [ app_begin ] --END-- [ RunTime:0.000501s ]
NOTIC: [8] A session had already been started - ignoring session_start() F:\webroot\Meeting\TPFramework\Common\functions.php 第 1263 行.
SQL: SHOW COLUMNS FROM `workflow_join` [ RunTime:0.0005s ]
SQL: SELECT * FROM `workflow_join` WHERE `cid` = 454 AND `mid` = 58 LIMIT 1   [ RunTime:0.0010s ]

[ 2016-09-29T22:11:20+08:00 ] 127.0.0.1 /Mobile/Client/myCenter/id/454/mid/58
INFO: [ app_init ] --START--
INFO: Run Behavior\BuildLiteBehavior [ RunTime:0.000000s ]
INFO: [ app_init ] --END-- [ RunTime:0.000500s ]
INFO: [ app_begin ] --START--
INFO: Run Behavior\ReadHtmlCacheBehavior [ RunTime:0.000501s ]
INFO: [ app_begin ] --END-- [ RunTime:0.000501s ]
NOTIC: [8] A session had already been started - ignoring session_start() F:\webroot\Meeting\TPFramework\Common\functions.php 第 1263 行.
SQL: SHOW COLUMNS FROM `workflow_join` [ RunTime:0.0010s ]
SQL: SELECT * FROM `workflow_join` WHERE `cid` = 454 AND `mid` = 58 LIMIT 1   [ RunTime:0.0005s ]

[ 2016-09-29T22:11:22+08:00 ] 127.0.0.1 /Mobile/Client/myCenter/id/454/mid/58
INFO: [ app_init ] --START--
INFO: Run Behavior\BuildLiteBehavior [ RunTime:0.000000s ]
INFO: [ app_init ] --END-- [ RunTime:0.000500s ]
INFO: [ app_begin ] --START--
INFO: Run Behavior\ReadHtmlCacheBehavior [ RunTime:0.000500s ]
INFO: [ app_begin ] --END-- [ RunTime:0.000500s ]
NOTIC: [8] A session had already been started - ignoring session_start() F:\webroot\Meeting\TPFramework\Common\functions.php 第 1263 行.
SQL: SHOW COLUMNS FROM `workflow_join` [ RunTime:0.0010s ]
SQL: SELECT * FROM `workflow_join` WHERE `cid` = 454 AND `mid` = 58 LIMIT 1   [ RunTime:0.0005s ]

[ 2016-09-29T22:11:24+08:00 ] 127.0.0.1 /Mobile/Client/myCenter/id/454/mid/58
INFO: [ app_init ] --START--
INFO: Run Behavior\BuildLiteBehavior [ RunTime:0.000000s ]
INFO: [ app_init ] --END-- [ RunTime:0.000501s ]
INFO: [ app_begin ] --START--
INFO: Run Behavior\ReadHtmlCacheBehavior [ RunTime:0.000500s ]
INFO: [ app_begin ] --END-- [ RunTime:0.000500s ]
NOTIC: [8] A session had already been started - ignoring session_start() F:\webroot\Meeting\TPFramework\Common\functions.php 第 1263 行.
SQL: SHOW COLUMNS FROM `workflow_join` [ RunTime:0.0010s ]
SQL: SELECT * FROM `workflow_join` WHERE `cid` = 454 AND `mid` = 58 LIMIT 1   [ RunTime:0.0005s ]

[ 2016-09-29T22:11:26+08:00 ] 127.0.0.1 /Mobile/Client/myCenter/id/454/mid/58
INFO: [ app_init ] --START--
INFO: Run Behavior\BuildLiteBehavior [ RunTime:0.000000s ]
INFO: [ app_init ] --END-- [ RunTime:0.000500s ]
INFO: [ app_begin ] --START--
INFO: Run Behavior\ReadHtmlCacheBehavior [ RunTime:0.000500s ]
INFO: [ app_begin ] --END-- [ RunTime:0.000500s ]
NOTIC: [8] A session had already been started - ignoring session_start() F:\webroot\Meeting\TPFramework\Common\functions.php 第 1263 行.
SQL: SHOW COLUMNS FROM `workflow_join` [ RunTime:0.0005s ]
SQL: SELECT * FROM `workflow_join` WHERE `cid` = 454 AND `mid` = 58 LIMIT 1   [ RunTime:0.0000s ]

[ 2016-09-29T22:11:28+08:00 ] 127.0.0.1 /Mobile/Client/myCenter/id/454/mid/58
INFO: [ app_init ] --START--
INFO: Run Behavior\BuildLiteBehavior [ RunTime:0.000000s ]
INFO: [ app_init ] --END-- [ RunTime:0.000500s ]
INFO: [ app_begin ] --START--
INFO: Run Behavior\ReadHtmlCacheBehavior [ RunTime:0.000500s ]
INFO: [ app_begin ] --END-- [ RunTime:0.000500s ]
NOTIC: [8] A session had already been started - ignoring session_start() F:\webroot\Meeting\TPFramework\Common\functions.php 第 1263 行.
SQL: SHOW COLUMNS FROM `workflow_join` [ RunTime:0.0010s ]
SQL: SELECT * FROM `workflow_join` WHERE `cid` = 454 AND `mid` = 58 LIMIT 1   [ RunTime:0.0005s ]

[ 2016-09-29T22:11:30+08:00 ] 127.0.0.1 /Mobile/Client/myCenter/id/454/mid/58
INFO: [ app_init ] --START--
INFO: Run Behavior\BuildLiteBehavior [ RunTime:0.000500s ]
INFO: [ app_init ] --END-- [ RunTime:0.001000s ]
INFO: [ app_begin ] --START--
INFO: Run Behavior\ReadHtmlCacheBehavior [ RunTime:0.001500s ]
INFO: [ app_begin ] --END-- [ RunTime:0.001500s ]
NOTIC: [8] A session had already been started - ignoring session_start() F:\webroot\Meeting\TPFramework\Common\functions.php 第 1263 行.
SQL: SHOW COLUMNS FROM `workflow_join` [ RunTime:0.0020s ]
SQL: SELECT * FROM `workflow_join` WHERE `cid` = 454 AND `mid` = 58 LIMIT 1   [ RunTime:0.0010s ]

[ 2016-09-29T22:11:32+08:00 ] 127.0.0.1 /Mobile/Client/myCenter/id/454/mid/58
INFO: [ app_init ] --START--
INFO: Run Behavior\BuildLiteBehavior [ RunTime:0.000000s ]
INFO: [ app_init ] --END-- [ RunTime:0.001001s ]
INFO: [ app_begin ] --START--
INFO: Run Behavior\ReadHtmlCacheBehavior [ RunTime:0.001000s ]
INFO: [ app_begin ] --END-- [ RunTime:0.001000s ]
NOTIC: [8] A session had already been started - ignoring session_start() F:\webroot\Meeting\TPFramework\Common\functions.php 第 1263 行.
SQL: SHOW COLUMNS FROM `workflow_join` [ RunTime:0.0005s ]
SQL: SELECT * FROM `workflow_join` WHERE `cid` = 454 AND `mid` = 58 LIMIT 1   [ RunTime:0.0005s ]

[ 2016-09-29T22:11:34+08:00 ] 127.0.0.1 /Mobile/Client/myCenter/id/454/mid/58
INFO: [ app_init ] --START--
INFO: Run Behavior\BuildLiteBehavior [ RunTime:0.000000s ]
INFO: [ app_init ] --END-- [ RunTime:0.000500s ]
INFO: [ app_begin ] --START--
INFO: Run Behavior\ReadHtmlCacheBehavior [ RunTime:0.000501s ]
INFO: [ app_begin ] --END-- [ RunTime:0.000501s ]
NOTIC: [8] A session had already been started - ignoring session_start() F:\webroot\Meeting\TPFramework\Common\functions.php 第 1263 行.
SQL: SHOW COLUMNS FROM `workflow_join` [ RunTime:0.0010s ]
SQL: SELECT * FROM `workflow_join` WHERE `cid` = 454 AND `mid` = 58 LIMIT 1   [ RunTime:0.0005s ]

[ 2016-09-29T22:11:36+08:00 ] 127.0.0.1 /Mobile/Client/myCenter/id/454/mid/58
INFO: [ app_init ] --START--
INFO: Run Behavior\BuildLiteBehavior [ RunTime:0.000000s ]
INFO: [ app_init ] --END-- [ RunTime:0.000500s ]
INFO: [ app_begin ] --START--
INFO: Run Behavior\ReadHtmlCacheBehavior [ RunTime:0.000500s ]
INFO: [ app_begin ] --END-- [ RunTime:0.000500s ]
NOTIC: [8] A session had already been started - ignoring session_start() F:\webroot\Meeting\TPFramework\Common\functions.php 第 1263 行.
SQL: SHOW COLUMNS FROM `workflow_join` [ RunTime:0.0005s ]
SQL: SELECT * FROM `workflow_join` WHERE `cid` = 454 AND `mid` = 58 LIMIT 1   [ RunTime:0.0000s ]

[ 2016-09-29T22:11:38+08:00 ] 127.0.0.1 /Mobile/Client/myCenter/id/454/mid/58
INFO: [ app_init ] --START--
INFO: Run Behavior\BuildLiteBehavior [ RunTime:0.000000s ]
INFO: [ app_init ] --END-- [ RunTime:0.000500s ]
INFO: [ app_begin ] --START--
INFO: Run Behavior\ReadHtmlCacheBehavior [ RunTime:0.000500s ]
INFO: [ app_begin ] --END-- [ RunTime:0.000500s ]
NOTIC: [8] A session had already been started - ignoring session_start() F:\webroot\Meeting\TPFramework\Common\functions.php 第 1263 行.
SQL: SHOW COLUMNS FROM `workflow_join` [ RunTime:0.0005s ]
SQL: SELECT * FROM `workflow_join` WHERE `cid` = 454 AND `mid` = 58 LIMIT 1   [ RunTime:0.0005s ]

[ 2016-09-29T22:11:40+08:00 ] 127.0.0.1 /Mobile/Client/myCenter/id/454/mid/58
INFO: [ app_init ] --START--
INFO: Run Behavior\BuildLiteBehavior [ RunTime:0.000000s ]
INFO: [ app_init ] --END-- [ RunTime:0.000500s ]
INFO: [ app_begin ] --START--
INFO: Run Behavior\ReadHtmlCacheBehavior [ RunTime:0.000500s ]
INFO: [ app_begin ] --END-- [ RunTime:0.001000s ]
NOTIC: [8] A session had already been started - ignoring session_start() F:\webroot\Meeting\TPFramework\Common\functions.php 第 1263 行.
SQL: SHOW COLUMNS FROM `workflow_join` [ RunTime:0.0010s ]
SQL: SELECT * FROM `workflow_join` WHERE `cid` = 454 AND `mid` = 58 LIMIT 1   [ RunTime:0.0005s ]

[ 2016-09-29T22:11:42+08:00 ] 127.0.0.1 /Mobile/Client/myCenter/id/454/mid/58
INFO: [ app_init ] --START--
INFO: Run Behavior\BuildLiteBehavior [ RunTime:0.000000s ]
INFO: [ app_init ] --END-- [ RunTime:0.000500s ]
INFO: [ app_begin ] --START--
INFO: Run Behavior\ReadHtmlCacheBehavior [ RunTime:0.000500s ]
INFO: [ app_begin ] --END-- [ RunTime:0.000500s ]
NOTIC: [8] A session had already been started - ignoring session_start() F:\webroot\Meeting\TPFramework\Common\functions.php 第 1263 行.
SQL: SHOW COLUMNS FROM `workflow_join` [ RunTime:0.0005s ]
SQL: SELECT * FROM `workflow_join` WHERE `cid` = 454 AND `mid` = 58 LIMIT 1   [ RunTime:0.0005s ]

[ 2016-09-29T22:11:44+08:00 ] 127.0.0.1 /Mobile/Client/myCenter/id/454/mid/58
INFO: [ app_init ] --START--
INFO: Run Behavior\BuildLiteBehavior [ RunTime:0.000000s ]
INFO: [ app_init ] --END-- [ RunTime:0.000000s ]
INFO: [ app_begin ] --START--
INFO: Run Behavior\ReadHtmlCacheBehavior [ RunTime:0.000500s ]
INFO: [ app_begin ] --END-- [ RunTime:0.000500s ]
NOTIC: [8] A session had already been started - ignoring session_start() F:\webroot\Meeting\TPFramework\Common\functions.php 第 1263 行.
SQL: SHOW COLUMNS FROM `workflow_join` [ RunTime:0.0005s ]
SQL: SELECT * FROM `workflow_join` WHERE `cid` = 454 AND `mid` = 58 LIMIT 1   [ RunTime:0.0005s ]

[ 2016-09-29T22:11:46+08:00 ] 127.0.0.1 /Mobile/Client/myCenter/id/454/mid/58
INFO: [ app_init ] --START--
INFO: Run Behavior\BuildLiteBehavior [ RunTime:0.000000s ]
INFO: [ app_init ] --END-- [ RunTime:0.000500s ]
INFO: [ app_begin ] --START--
INFO: Run Behavior\ReadHtmlCacheBehavior [ RunTime:0.000500s ]
INFO: [ app_begin ] --END-- [ RunTime:0.000500s ]
NOTIC: [8] A session had already been started - ignoring session_start() F:\webroot\Meeting\TPFramework\Common\functions.php 第 1263 行.
SQL: SHOW COLUMNS FROM `workflow_join` [ RunTime:0.0010s ]
SQL: SELECT * FROM `workflow_join` WHERE `cid` = 454 AND `mid` = 58 LIMIT 1   [ RunTime:0.0005s ]

[ 2016-09-29T22:11:48+08:00 ] 127.0.0.1 /Mobile/Client/myCenter/id/454/mid/58
INFO: [ app_init ] --START--
INFO: Run Behavior\BuildLiteBehavior [ RunTime:0.000000s ]
INFO: [ app_init ] --END-- [ RunTime:0.000500s ]
INFO: [ app_begin ] --START--
INFO: Run Behavior\ReadHtmlCacheBehavior [ RunTime:0.000501s ]
INFO: [ app_begin ] --END-- [ RunTime:0.001001s ]
NOTIC: [8] A session had already been started - ignoring session_start() F:\webroot\Meeting\TPFramework\Common\functions.php 第 1263 行.
SQL: SHOW COLUMNS FROM `workflow_join` [ RunTime:0.0010s ]
SQL: SELECT * FROM `workflow_join` WHERE `cid` = 454 AND `mid` = 58 LIMIT 1   [ RunTime:0.0020s ]

[ 2016-09-29T22:11:50+08:00 ] 127.0.0.1 /Mobile/Client/myCenter/id/454/mid/58
INFO: [ app_init ] --START--
INFO: Run Behavior\BuildLiteBehavior [ RunTime:0.000000s ]
INFO: [ app_init ] --END-- [ RunTime:0.001001s ]
INFO: [ app_begin ] --START--
INFO: Run Behavior\ReadHtmlCacheBehavior [ RunTime:0.001000s ]
INFO: [ app_begin ] --END-- [ RunTime:0.001000s ]
NOTIC: [8] A session had already been started - ignoring session_start() F:\webroot\Meeting\TPFramework\Common\functions.php 第 1263 行.
SQL: SHOW COLUMNS FROM `workflow_join` [ RunTime:0.0010s ]
SQL: SELECT * FROM `workflow_join` WHERE `cid` = 454 AND `mid` = 58 LIMIT 1   [ RunTime:0.0005s ]

[ 2016-09-29T22:11:52+08:00 ] 127.0.0.1 /Mobile/Client/myCenter/id/454/mid/58
INFO: [ app_init ] --START--
INFO: Run Behavior\BuildLiteBehavior [ RunTime:0.000000s ]
INFO: [ app_init ] --END-- [ RunTime:0.000501s ]
INFO: [ app_begin ] --START--
INFO: Run Behavior\ReadHtmlCacheBehavior [ RunTime:0.000500s ]
INFO: [ app_begin ] --END-- [ RunTime:0.000500s ]
NOTIC: [8] A session had already been started - ignoring session_start() F:\webroot\Meeting\TPFramework\Common\functions.php 第 1263 行.
SQL: SHOW COLUMNS FROM `workflow_join` [ RunTime:0.0010s ]
SQL: SELECT * FROM `workflow_join` WHERE `cid` = 454 AND `mid` = 58 LIMIT 1   [ RunTime:0.0005s ]

[ 2016-09-29T22:11:54+08:00 ] 127.0.0.1 /Mobile/Client/myCenter/id/454/mid/58
INFO: [ app_init ] --START--
INFO: Run Behavior\BuildLiteBehavior [ RunTime:0.000000s ]
INFO: [ app_init ] --END-- [ RunTime:0.000500s ]
INFO: [ app_begin ] --START--
INFO: Run Behavior\ReadHtmlCacheBehavior [ RunTime:0.000501s ]
INFO: [ app_begin ] --END-- [ RunTime:0.001001s ]
NOTIC: [8] A session had already been started - ignoring session_start() F:\webroot\Meeting\TPFramework\Common\functions.php 第 1263 行.
SQL: SHOW COLUMNS FROM `workflow_join` [ RunTime:0.0015s ]
SQL: SELECT * FROM `workflow_join` WHERE `cid` = 454 AND `mid` = 58 LIMIT 1   [ RunTime:0.0005s ]

[ 2016-09-29T22:11:56+08:00 ] 127.0.0.1 /Mobile/Client/myCenter/id/454/mid/58
INFO: [ app_init ] --START--
INFO: Run Behavior\BuildLiteBehavior [ RunTime:0.000000s ]
INFO: [ app_init ] --END-- [ RunTime:0.000500s ]
INFO: [ app_begin ] --START--
INFO: Run Behavior\ReadHtmlCacheBehavior [ RunTime:0.000500s ]
INFO: [ app_begin ] --END-- [ RunTime:0.000500s ]
NOTIC: [8] A session had already been started - ignoring session_start() F:\webroot\Meeting\TPFramework\Common\functions.php 第 1263 行.
SQL: SHOW COLUMNS FROM `workflow_join` [ RunTime:0.0005s ]
SQL: SELECT * FROM `workflow_join` WHERE `cid` = 454 AND `mid` = 58 LIMIT 1   [ RunTime:0.0005s ]

[ 2016-09-29T22:11:58+08:00 ] 127.0.0.1 /Mobile/Client/myCenter/id/454/mid/58
INFO: [ app_init ] --START--
INFO: Run Behavior\BuildLiteBehavior [ RunTime:0.000000s ]
INFO: [ app_init ] --END-- [ RunTime:0.000500s ]
INFO: [ app_begin ] --START--
INFO: Run Behavior\ReadHtmlCacheBehavior [ RunTime:0.000500s ]
INFO: [ app_begin ] --END-- [ RunTime:0.000500s ]
NOTIC: [8] A session had already been started - ignoring session_start() F:\webroot\Meeting\TPFramework\Common\functions.php 第 1263 行.
SQL: SHOW COLUMNS FROM `workflow_join` [ RunTime:0.0005s ]
SQL: SELECT * FROM `workflow_join` WHERE `cid` = 454 AND `mid` = 58 LIMIT 1   [ RunTime:0.0000s ]

[ 2016-09-29T22:12:00+08:00 ] 127.0.0.1 /Mobile/Client/myCenter/id/454/mid/58
INFO: [ app_init ] --START--
INFO: Run Behavior\BuildLiteBehavior [ RunTime:0.000000s ]
INFO: [ app_init ] --END-- [ RunTime:0.000500s ]
INFO: [ app_begin ] --START--
INFO: Run Behavior\ReadHtmlCacheBehavior [ RunTime:0.000501s ]
INFO: [ app_begin ] --END-- [ RunTime:0.000501s ]
NOTIC: [8] A session had already been started - ignoring session_start() F:\webroot\Meeting\TPFramework\Common\functions.php 第 1263 行.
SQL: SHOW COLUMNS FROM `workflow_join` [ RunTime:0.0005s ]
SQL: SELECT * FROM `workflow_join` WHERE `cid` = 454 AND `mid` = 58 LIMIT 1   [ RunTime:0.0005s ]

[ 2016-09-29T22:12:02+08:00 ] 127.0.0.1 /Mobile/Client/myCenter/id/454/mid/58
INFO: [ app_init ] --START--
INFO: Run Behavior\BuildLiteBehavior [ RunTime:0.000500s ]
INFO: [ app_init ] --END-- [ RunTime:0.001000s ]
INFO: [ app_begin ] --START--
INFO: Run Behavior\ReadHtmlCacheBehavior [ RunTime:0.001001s ]
INFO: [ app_begin ] --END-- [ RunTime:0.001001s ]
NOTIC: [8] A session had already been started - ignoring session_start() F:\webroot\Meeting\TPFramework\Common\functions.php 第 1263 行.
SQL: SHOW COLUMNS FROM `workflow_join` [ RunTime:0.0005s ]
SQL: SELECT * FROM `workflow_join` WHERE `cid` = 454 AND `mid` = 58 LIMIT 1   [ RunTime:0.0000s ]

[ 2016-09-29T22:12:04+08:00 ] 127.0.0.1 /Mobile/Client/myCenter/id/454/mid/58
INFO: [ app_init ] --START--
INFO: Run Behavior\BuildLiteBehavior [ RunTime:0.000000s ]
INFO: [ app_init ] --END-- [ RunTime:0.000501s ]
INFO: [ app_begin ] --START--
INFO: Run Behavior\ReadHtmlCacheBehavior [ RunTime:0.000500s ]
INFO: [ app_begin ] --END-- [ RunTime:0.000500s ]
NOTIC: [8] A session had already been started - ignoring session_start() F:\webroot\Meeting\TPFramework\Common\functions.php 第 1263 行.
SQL: SHOW COLUMNS FROM `workflow_join` [ RunTime:0.0010s ]
SQL: SELECT * FROM `workflow_join` WHERE `cid` = 454 AND `mid` = 58 LIMIT 1   [ RunTime:0.0005s ]

[ 2016-09-29T22:12:06+08:00 ] 127.0.0.1 /Mobile/Client/myCenter/id/454/mid/58
INFO: [ app_init ] --START--
INFO: Run Behavior\BuildLiteBehavior [ RunTime:0.000000s ]
INFO: [ app_init ] --END-- [ RunTime:0.000500s ]
INFO: [ app_begin ] --START--
INFO: Run Behavior\ReadHtmlCacheBehavior [ RunTime:0.000500s ]
INFO: [ app_begin ] --END-- [ RunTime:0.000500s ]
NOTIC: [8] A session had already been started - ignoring session_start() F:\webroot\Meeting\TPFramework\Common\functions.php 第 1263 行.
SQL: SHOW COLUMNS FROM `workflow_join` [ RunTime:0.0005s ]
SQL: SELECT * FROM `workflow_join` WHERE `cid` = 454 AND `mid` = 58 LIMIT 1   [ RunTime:0.0005s ]

[ 2016-09-29T22:12:08+08:00 ] 127.0.0.1 /Mobile/Client/myCenter/id/454/mid/58
INFO: [ app_init ] --START--
INFO: Run Behavior\BuildLiteBehavior [ RunTime:0.000000s ]
INFO: [ app_init ] --END-- [ RunTime:0.000500s ]
INFO: [ app_begin ] --START--
INFO: Run Behavior\ReadHtmlCacheBehavior [ RunTime:0.000500s ]
INFO: [ app_begin ] --END-- [ RunTime:0.000500s ]
NOTIC: [8] A session had already been started - ignoring session_start() F:\webroot\Meeting\TPFramework\Common\functions.php 第 1263 行.
SQL: SHOW COLUMNS FROM `workflow_join` [ RunTime:0.0005s ]
SQL: SELECT * FROM `workflow_join` WHERE `cid` = 454 AND `mid` = 58 LIMIT 1   [ RunTime:0.0000s ]

[ 2016-09-29T22:12:10+08:00 ] 127.0.0.1 /Mobile/Client/myCenter/id/454/mid/58
INFO: [ app_init ] --START--
INFO: Run Behavior\BuildLiteBehavior [ RunTime:0.000000s ]
INFO: [ app_init ] --END-- [ RunTime:0.000500s ]
INFO: [ app_begin ] --START--
INFO: Run Behavior\ReadHtmlCacheBehavior [ RunTime:0.000000s ]
INFO: [ app_begin ] --END-- [ RunTime:0.000500s ]
NOTIC: [8] A session had already been started - ignoring session_start() F:\webroot\Meeting\TPFramework\Common\functions.php 第 1263 行.
SQL: SHOW COLUMNS FROM `workflow_join` [ RunTime:0.0005s ]
SQL: SELECT * FROM `workflow_join` WHERE `cid` = 454 AND `mid` = 58 LIMIT 1   [ RunTime:0.0000s ]

[ 2016-09-29T22:12:12+08:00 ] 127.0.0.1 /Mobile/Client/myCenter/id/454/mid/58
INFO: [ app_init ] --START--
INFO: Run Behavior\BuildLiteBehavior [ RunTime:0.000000s ]
INFO: [ app_init ] --END-- [ RunTime:0.000500s ]
INFO: [ app_begin ] --START--
INFO: Run Behavior\ReadHtmlCacheBehavior [ RunTime:0.000500s ]
INFO: [ app_begin ] --END-- [ RunTime:0.000500s ]
NOTIC: [8] A session had already been started - ignoring session_start() F:\webroot\Meeting\TPFramework\Common\functions.php 第 1263 行.
SQL: SHOW COLUMNS FROM `workflow_join` [ RunTime:0.0005s ]
SQL: SELECT * FROM `workflow_join` WHERE `cid` = 454 AND `mid` = 58 LIMIT 1   [ RunTime:0.0000s ]

[ 2016-09-29T22:12:14+08:00 ] 127.0.0.1 /Mobile/Client/myCenter/id/454/mid/58
INFO: [ app_init ] --START--
INFO: Run Behavior\BuildLiteBehavior [ RunTime:0.000000s ]
INFO: [ app_init ] --END-- [ RunTime:0.000500s ]
INFO: [ app_begin ] --START--
INFO: Run Behavior\ReadHtmlCacheBehavior [ RunTime:0.000500s ]
INFO: [ app_begin ] --END-- [ RunTime:0.000500s ]
NOTIC: [8] A session had already been started - ignoring session_start() F:\webroot\Meeting\TPFramework\Common\functions.php 第 1263 行.
SQL: SHOW COLUMNS FROM `workflow_join` [ RunTime:0.0010s ]
SQL: SELECT * FROM `workflow_join` WHERE `cid` = 454 AND `mid` = 58 LIMIT 1   [ RunTime:0.0000s ]

[ 2016-09-29T22:12:16+08:00 ] 127.0.0.1 /Mobile/Client/myCenter/id/454/mid/58
INFO: [ app_init ] --START--
INFO: Run Behavior\BuildLiteBehavior [ RunTime:0.000000s ]
INFO: [ app_init ] --END-- [ RunTime:0.000000s ]
INFO: [ app_begin ] --START--
INFO: Run Behavior\ReadHtmlCacheBehavior [ RunTime:0.000000s ]
INFO: [ app_begin ] --END-- [ RunTime:0.000500s ]
NOTIC: [8] A session had already been started - ignoring session_start() F:\webroot\Meeting\TPFramework\Common\functions.php 第 1263 行.
SQL: SHOW COLUMNS FROM `workflow_join` [ RunTime:0.0005s ]
SQL: SELECT * FROM `workflow_join` WHERE `cid` = 454 AND `mid` = 58 LIMIT 1   [ RunTime:0.0005s ]

[ 2016-09-29T22:12:18+08:00 ] 127.0.0.1 /Mobile/Client/myCenter/id/454/mid/58
INFO: [ app_init ] --START--
INFO: Run Behavior\BuildLiteBehavior [ RunTime:0.000000s ]
INFO: [ app_init ] --END-- [ RunTime:0.000500s ]
INFO: [ app_begin ] --START--
INFO: Run Behavior\ReadHtmlCacheBehavior [ RunTime:0.001000s ]
INFO: [ app_begin ] --END-- [ RunTime:0.001000s ]
NOTIC: [8] A session had already been started - ignoring session_start() F:\webroot\Meeting\TPFramework\Common\functions.php 第 1263 行.
SQL: SHOW COLUMNS FROM `workflow_join` [ RunTime:0.0005s ]
SQL: SELECT * FROM `workflow_join` WHERE `cid` = 454 AND `mid` = 58 LIMIT 1   [ RunTime:0.0005s ]

[ 2016-09-29T22:12:20+08:00 ] 127.0.0.1 /Mobile/Client/myCenter/id/454/mid/58
INFO: [ app_init ] --START--
INFO: Run Behavior\BuildLiteBehavior [ RunTime:0.000000s ]
INFO: [ app_init ] --END-- [ RunTime:0.000500s ]
INFO: [ app_begin ] --START--
INFO: Run Behavior\ReadHtmlCacheBehavior [ RunTime:0.000500s ]
INFO: [ app_begin ] --END-- [ RunTime:0.001000s ]
NOTIC: [8] A session had already been started - ignoring session_start() F:\webroot\Meeting\TPFramework\Common\functions.php 第 1263 行.
SQL: SHOW COLUMNS FROM `workflow_join` [ RunTime:0.0010s ]
SQL: SELECT * FROM `workflow_join` WHERE `cid` = 454 AND `mid` = 58 LIMIT 1   [ RunTime:0.0005s ]

[ 2016-09-29T22:12:22+08:00 ] 127.0.0.1 /Mobile/Client/myCenter/id/454/mid/58
INFO: [ app_init ] --START--
INFO: Run Behavior\BuildLiteBehavior [ RunTime:0.000000s ]
INFO: [ app_init ] --END-- [ RunTime:0.000500s ]
INFO: [ app_begin ] --START--
INFO: Run Behavior\ReadHtmlCacheBehavior [ RunTime:0.000500s ]
INFO: [ app_begin ] --END-- [ RunTime:0.000500s ]
NOTIC: [8] A session had already been started - ignoring session_start() F:\webroot\Meeting\TPFramework\Common\functions.php 第 1263 行.
SQL: SHOW COLUMNS FROM `workflow_join` [ RunTime:0.0005s ]
SQL: SELECT * FROM `workflow_join` WHERE `cid` = 454 AND `mid` = 58 LIMIT 1   [ RunTime:0.0000s ]

[ 2016-09-29T22:12:24+08:00 ] 127.0.0.1 /Mobile/Client/myCenter/id/454/mid/58
INFO: [ app_init ] --START--
INFO: Run Behavior\BuildLiteBehavior [ RunTime:0.000000s ]
INFO: [ app_init ] --END-- [ RunTime:0.000500s ]
INFO: [ app_begin ] --START--
INFO: Run Behavior\ReadHtmlCacheBehavior [ RunTime:0.000500s ]
INFO: [ app_begin ] --END-- [ RunTime:0.001000s ]
NOTIC: [8] A session had already been started - ignoring session_start() F:\webroot\Meeting\TPFramework\Common\functions.php 第 1263 行.
SQL: SHOW COLUMNS FROM `workflow_join` [ RunTime:0.0005s ]
SQL: SELECT * FROM `workflow_join` WHERE `cid` = 454 AND `mid` = 58 LIMIT 1   [ RunTime:0.0000s ]

[ 2016-09-29T22:12:26+08:00 ] 127.0.0.1 /Mobile/Client/myCenter/id/454/mid/58
INFO: [ app_init ] --START--
INFO: Run Behavior\BuildLiteBehavior [ RunTime:0.000000s ]
INFO: [ app_init ] --END-- [ RunTime:0.000000s ]
INFO: [ app_begin ] --START--
INFO: Run Behavior\ReadHtmlCacheBehavior [ RunTime:0.000500s ]
INFO: [ app_begin ] --END-- [ RunTime:0.000500s ]
NOTIC: [8] A session had already been started - ignoring session_start() F:\webroot\Meeting\TPFramework\Common\functions.php 第 1263 行.
SQL: SHOW COLUMNS FROM `workflow_join` [ RunTime:0.0005s ]
SQL: SELECT * FROM `workflow_join` WHERE `cid` = 454 AND `mid` = 58 LIMIT 1   [ RunTime:0.0005s ]

[ 2016-09-29T22:12:28+08:00 ] 127.0.0.1 /Mobile/Client/myCenter/id/454/mid/58
INFO: [ app_init ] --START--
INFO: Run Behavior\BuildLiteBehavior [ RunTime:0.000000s ]
INFO: [ app_init ] --END-- [ RunTime:0.000500s ]
INFO: [ app_begin ] --START--
INFO: Run Behavior\ReadHtmlCacheBehavior [ RunTime:0.000500s ]
INFO: [ app_begin ] --END-- [ RunTime:0.000500s ]
NOTIC: [8] A session had already been started - ignoring session_start() F:\webroot\Meeting\TPFramework\Common\functions.php 第 1263 行.
SQL: SHOW COLUMNS FROM `workflow_join` [ RunTime:0.0005s ]
SQL: SELECT * FROM `workflow_join` WHERE `cid` = 454 AND `mid` = 58 LIMIT 1   [ RunTime:0.0005s ]

[ 2016-09-29T22:12:30+08:00 ] 127.0.0.1 /Mobile/Client/myCenter/id/454/mid/58
INFO: [ app_init ] --START--
INFO: Run Behavior\BuildLiteBehavior [ RunTime:0.000000s ]
INFO: [ app_init ] --END-- [ RunTime:0.000500s ]
INFO: [ app_begin ] --START--
INFO: Run Behavior\ReadHtmlCacheBehavior [ RunTime:0.000500s ]
INFO: [ app_begin ] --END-- [ RunTime:0.001001s ]
NOTIC: [8] A session had already been started - ignoring session_start() F:\webroot\Meeting\TPFramework\Common\functions.php 第 1263 行.
SQL: SHOW COLUMNS FROM `workflow_join` [ RunTime:0.0010s ]
SQL: SELECT * FROM `workflow_join` WHERE `cid` = 454 AND `mid` = 58 LIMIT 1   [ RunTime:0.0000s ]

[ 2016-09-29T22:12:32+08:00 ] 127.0.0.1 /Mobile/Client/myCenter/id/454/mid/58
INFO: [ app_init ] --START--
INFO: Run Behavior\BuildLiteBehavior [ RunTime:0.000000s ]
INFO: [ app_init ] --END-- [ RunTime:0.001501s ]
INFO: [ app_begin ] --START--
INFO: Run Behavior\ReadHtmlCacheBehavior [ RunTime:0.000500s ]
INFO: [ app_begin ] --END-- [ RunTime:0.001000s ]
NOTIC: [8] A session had already been started - ignoring session_start() F:\webroot\Meeting\TPFramework\Common\functions.php 第 1263 行.
SQL: SHOW COLUMNS FROM `workflow_join` [ RunTime:0.0010s ]
SQL: SELECT * FROM `workflow_join` WHERE `cid` = 454 AND `mid` = 58 LIMIT 1   [ RunTime:0.0005s ]

[ 2016-09-29T22:12:34+08:00 ] 127.0.0.1 /Mobile/Client/myCenter/id/454/mid/58
INFO: [ app_init ] --START--
INFO: Run Behavior\BuildLiteBehavior [ RunTime:0.000000s ]
INFO: [ app_init ] --END-- [ RunTime:0.000500s ]
INFO: [ app_begin ] --START--
INFO: Run Behavior\ReadHtmlCacheBehavior [ RunTime:0.000500s ]
INFO: [ app_begin ] --END-- [ RunTime:0.000500s ]
NOTIC: [8] A session had already been started - ignoring session_start() F:\webroot\Meeting\TPFramework\Common\functions.php 第 1263 行.
SQL: SHOW COLUMNS FROM `workflow_join` [ RunTime:0.0005s ]
SQL: SELECT * FROM `workflow_join` WHERE `cid` = 454 AND `mid` = 58 LIMIT 1   [ RunTime:0.0005s ]

[ 2016-09-29T22:12:36+08:00 ] 127.0.0.1 /Mobile/Client/myCenter/id/454/mid/58
INFO: [ app_init ] --START--
INFO: Run Behavior\BuildLiteBehavior [ RunTime:0.000000s ]
INFO: [ app_init ] --END-- [ RunTime:0.000500s ]
INFO: [ app_begin ] --START--
INFO: Run Behavior\ReadHtmlCacheBehavior [ RunTime:0.000000s ]
INFO: [ app_begin ] --END-- [ RunTime:0.001000s ]
NOTIC: [8] A session had already been started - ignoring session_start() F:\webroot\Meeting\TPFramework\Common\functions.php 第 1263 行.
SQL: SHOW COLUMNS FROM `workflow_join` [ RunTime:0.0005s ]
SQL: SELECT * FROM `workflow_join` WHERE `cid` = 454 AND `mid` = 58 LIMIT 1   [ RunTime:0.0000s ]

[ 2016-09-29T22:12:38+08:00 ] 127.0.0.1 /Mobile/Client/myCenter/id/454/mid/58
INFO: [ app_init ] --START--
INFO: Run Behavior\BuildLiteBehavior [ RunTime:0.000000s ]
INFO: [ app_init ] --END-- [ RunTime:0.000500s ]
INFO: [ app_begin ] --START--
INFO: Run Behavior\ReadHtmlCacheBehavior [ RunTime:0.000500s ]
INFO: [ app_begin ] --END-- [ RunTime:0.000500s ]
NOTIC: [8] A session had already been started - ignoring session_start() F:\webroot\Meeting\TPFramework\Common\functions.php 第 1263 行.
SQL: SHOW COLUMNS FROM `workflow_join` [ RunTime:0.0005s ]
SQL: SELECT * FROM `workflow_join` WHERE `cid` = 454 AND `mid` = 58 LIMIT 1   [ RunTime:0.0005s ]

[ 2016-09-29T22:12:40+08:00 ] 127.0.0.1 /Mobile/Client/myCenter/id/454/mid/58
INFO: [ app_init ] --START--
INFO: Run Behavior\BuildLiteBehavior [ RunTime:0.000000s ]
INFO: [ app_init ] --END-- [ RunTime:0.001001s ]
INFO: [ app_begin ] --START--
INFO: Run Behavior\ReadHtmlCacheBehavior [ RunTime:0.000500s ]
INFO: [ app_begin ] --END-- [ RunTime:0.000500s ]
NOTIC: [8] A session had already been started - ignoring session_start() F:\webroot\Meeting\TPFramework\Common\functions.php 第 1263 行.
SQL: SHOW COLUMNS FROM `workflow_join` [ RunTime:0.0010s ]
SQL: SELECT * FROM `workflow_join` WHERE `cid` = 454 AND `mid` = 58 LIMIT 1   [ RunTime:0.0005s ]

[ 2016-09-29T22:12:42+08:00 ] 127.0.0.1 /Mobile/Client/myCenter/id/454/mid/58
INFO: [ app_init ] --START--
INFO: Run Behavior\BuildLiteBehavior [ RunTime:0.000000s ]
INFO: [ app_init ] --END-- [ RunTime:0.000500s ]
INFO: [ app_begin ] --START--
INFO: Run Behavior\ReadHtmlCacheBehavior [ RunTime:0.000500s ]
INFO: [ app_begin ] --END-- [ RunTime:0.000500s ]
NOTIC: [8] A session had already been started - ignoring session_start() F:\webroot\Meeting\TPFramework\Common\functions.php 第 1263 行.
SQL: SHOW COLUMNS FROM `workflow_join` [ RunTime:0.0005s ]
SQL: SELECT * FROM `workflow_join` WHERE `cid` = 454 AND `mid` = 58 LIMIT 1   [ RunTime:0.0005s ]

[ 2016-09-29T22:12:44+08:00 ] 127.0.0.1 /Mobile/Client/myCenter/id/454/mid/58
INFO: [ app_init ] --START--
INFO: Run Behavior\BuildLiteBehavior [ RunTime:0.000000s ]
INFO: [ app_init ] --END-- [ RunTime:0.000500s ]
INFO: [ app_begin ] --START--
INFO: Run Behavior\ReadHtmlCacheBehavior [ RunTime:0.000500s ]
INFO: [ app_begin ] --END-- [ RunTime:0.001000s ]
NOTIC: [8] A session had already been started - ignoring session_start() F:\webroot\Meeting\TPFramework\Common\functions.php 第 1263 行.
SQL: SHOW COLUMNS FROM `workflow_join` [ RunTime:0.0005s ]
SQL: SELECT * FROM `workflow_join` WHERE `cid` = 454 AND `mid` = 58 LIMIT 1   [ RunTime:0.0005s ]

[ 2016-09-29T22:12:46+08:00 ] 127.0.0.1 /Mobile/Client/myCenter/id/454/mid/58
INFO: [ app_init ] --START--
INFO: Run Behavior\BuildLiteBehavior [ RunTime:0.000000s ]
INFO: [ app_init ] --END-- [ RunTime:0.000500s ]
INFO: [ app_begin ] --START--
INFO: Run Behavior\ReadHtmlCacheBehavior [ RunTime:0.000500s ]
INFO: [ app_begin ] --END-- [ RunTime:0.000500s ]
NOTIC: [8] A session had already been started - ignoring session_start() F:\webroot\Meeting\TPFramework\Common\functions.php 第 1263 行.
SQL: SHOW COLUMNS FROM `workflow_join` [ RunTime:0.0005s ]
SQL: SELECT * FROM `workflow_join` WHERE `cid` = 454 AND `mid` = 58 LIMIT 1   [ RunTime:0.0000s ]

[ 2016-09-29T22:12:48+08:00 ] 127.0.0.1 /Mobile/Client/myCenter/id/454/mid/58
INFO: [ app_init ] --START--
INFO: Run Behavior\BuildLiteBehavior [ RunTime:0.000000s ]
INFO: [ app_init ] --END-- [ RunTime:0.000500s ]
INFO: [ app_begin ] --START--
INFO: Run Behavior\ReadHtmlCacheBehavior [ RunTime:0.000501s ]
INFO: [ app_begin ] --END-- [ RunTime:0.000501s ]
NOTIC: [8] A session had already been started - ignoring session_start() F:\webroot\Meeting\TPFramework\Common\functions.php 第 1263 行.
SQL: SHOW COLUMNS FROM `workflow_join` [ RunTime:0.0005s ]
SQL: SELECT * FROM `workflow_join` WHERE `cid` = 454 AND `mid` = 58 LIMIT 1   [ RunTime:0.0000s ]

[ 2016-09-29T22:12:50+08:00 ] 127.0.0.1 /Mobile/Client/myCenter/id/454/mid/58
INFO: [ app_init ] --START--
INFO: Run Behavior\BuildLiteBehavior [ RunTime:0.000000s ]
INFO: [ app_init ] --END-- [ RunTime:0.000500s ]
INFO: [ app_begin ] --START--
INFO: Run Behavior\ReadHtmlCacheBehavior [ RunTime:0.001000s ]
INFO: [ app_begin ] --END-- [ RunTime:0.001000s ]
NOTIC: [8] A session had already been started - ignoring session_start() F:\webroot\Meeting\TPFramework\Common\functions.php 第 1263 行.
SQL: SHOW COLUMNS FROM `workflow_join` [ RunTime:0.0010s ]
SQL: SELECT * FROM `workflow_join` WHERE `cid` = 454 AND `mid` = 58 LIMIT 1   [ RunTime:0.0005s ]

[ 2016-09-29T22:12:52+08:00 ] 127.0.0.1 /Mobile/Client/myCenter/id/454/mid/58
INFO: [ app_init ] --START--
INFO: Run Behavior\BuildLiteBehavior [ RunTime:0.000500s ]
INFO: [ app_init ] --END-- [ RunTime:0.000500s ]
INFO: [ app_begin ] --START--
INFO: Run Behavior\ReadHtmlCacheBehavior [ RunTime:0.000000s ]
INFO: [ app_begin ] --END-- [ RunTime:0.000500s ]
NOTIC: [8] A session had already been started - ignoring session_start() F:\webroot\Meeting\TPFramework\Common\functions.php 第 1263 行.
SQL: SHOW COLUMNS FROM `workflow_join` [ RunTime:0.0010s ]
SQL: SELECT * FROM `workflow_join` WHERE `cid` = 454 AND `mid` = 58 LIMIT 1   [ RunTime:0.0005s ]

[ 2016-09-29T22:12:54+08:00 ] 127.0.0.1 /Mobile/Client/myCenter/id/454/mid/58
INFO: [ app_init ] --START--
INFO: Run Behavior\BuildLiteBehavior [ RunTime:0.000000s ]
INFO: [ app_init ] --END-- [ RunTime:0.000500s ]
INFO: [ app_begin ] --START--
INFO: Run Behavior\ReadHtmlCacheBehavior [ RunTime:0.000500s ]
INFO: [ app_begin ] --END-- [ RunTime:0.000500s ]
NOTIC: [8] A session had already been started - ignoring session_start() F:\webroot\Meeting\TPFramework\Common\functions.php 第 1263 行.
SQL: SHOW COLUMNS FROM `workflow_join` [ RunTime:0.0005s ]
SQL: SELECT * FROM `workflow_join` WHERE `cid` = 454 AND `mid` = 58 LIMIT 1   [ RunTime:0.0005s ]

[ 2016-09-29T22:12:56+08:00 ] 127.0.0.1 /Mobile/Client/myCenter/id/454/mid/58
INFO: [ app_init ] --START--
INFO: Run Behavior\BuildLiteBehavior [ RunTime:0.000000s ]
INFO: [ app_init ] --END-- [ RunTime:0.001000s ]
INFO: [ app_begin ] --START--
INFO: Run Behavior\ReadHtmlCacheBehavior [ RunTime:0.001000s ]
INFO: [ app_begin ] --END-- [ RunTime:0.001000s ]
NOTIC: [8] A session had already been started - ignoring session_start() F:\webroot\Meeting\TPFramework\Common\functions.php 第 1263 行.
SQL: SHOW COLUMNS FROM `workflow_join` [ RunTime:0.0005s ]
SQL: SELECT * FROM `workflow_join` WHERE `cid` = 454 AND `mid` = 58 LIMIT 1   [ RunTime:0.0000s ]

[ 2016-09-29T22:12:58+08:00 ] 127.0.0.1 /Mobile/Client/myCenter/id/454/mid/58
INFO: [ app_init ] --START--
INFO: Run Behavior\BuildLiteBehavior [ RunTime:0.000000s ]
INFO: [ app_init ] --END-- [ RunTime:0.000500s ]
INFO: [ app_begin ] --START--
INFO: Run Behavior\ReadHtmlCacheBehavior [ RunTime:0.000500s ]
INFO: [ app_begin ] --END-- [ RunTime:0.000500s ]
NOTIC: [8] A session had already been started - ignoring session_start() F:\webroot\Meeting\TPFramework\Common\functions.php 第 1263 行.
SQL: SHOW COLUMNS FROM `workflow_join` [ RunTime:0.0005s ]
SQL: SELECT * FROM `workflow_join` WHERE `cid` = 454 AND `mid` = 58 LIMIT 1   [ RunTime:0.0005s ]

[ 2016-09-29T22:13:00+08:00 ] 127.0.0.1 /Mobile/Client/myCenter/id/454/mid/58
INFO: [ app_init ] --START--
INFO: Run Behavior\BuildLiteBehavior [ RunTime:0.000000s ]
INFO: [ app_init ] --END-- [ RunTime:0.000000s ]
INFO: [ app_begin ] --START--
INFO: Run Behavior\ReadHtmlCacheBehavior [ RunTime:0.000500s ]
INFO: [ app_begin ] --END-- [ RunTime:0.000500s ]
NOTIC: [8] A session had already been started - ignoring session_start() F:\webroot\Meeting\TPFramework\Common\functions.php 第 1263 行.
SQL: SHOW COLUMNS FROM `workflow_join` [ RunTime:0.0005s ]
SQL: SELECT * FROM `workflow_join` WHERE `cid` = 454 AND `mid` = 58 LIMIT 1   [ RunTime:0.0005s ]

[ 2016-09-29T22:13:02+08:00 ] 127.0.0.1 /Mobile/Client/myCenter/id/454/mid/58
INFO: [ app_init ] --START--
INFO: Run Behavior\BuildLiteBehavior [ RunTime:0.000500s ]
INFO: [ app_init ] --END-- [ RunTime:0.000500s ]
INFO: [ app_begin ] --START--
INFO: Run Behavior\ReadHtmlCacheBehavior [ RunTime:0.000000s ]
INFO: [ app_begin ] --END-- [ RunTime:0.001000s ]
NOTIC: [8] A session had already been started - ignoring session_start() F:\webroot\Meeting\TPFramework\Common\functions.php 第 1263 行.
SQL: SHOW COLUMNS FROM `workflow_join` [ RunTime:0.0005s ]
SQL: SELECT * FROM `workflow_join` WHERE `cid` = 454 AND `mid` = 58 LIMIT 1   [ RunTime:0.0000s ]

[ 2016-09-29T22:13:04+08:00 ] 127.0.0.1 /Mobile/Client/myCenter/id/454/mid/58
INFO: [ app_init ] --START--
INFO: Run Behavior\BuildLiteBehavior [ RunTime:0.000000s ]
INFO: [ app_init ] --END-- [ RunTime:0.000500s ]
INFO: [ app_begin ] --START--
INFO: Run Behavior\ReadHtmlCacheBehavior [ RunTime:0.000500s ]
INFO: [ app_begin ] --END-- [ RunTime:0.000500s ]
NOTIC: [8] A session had already been started - ignoring session_start() F:\webroot\Meeting\TPFramework\Common\functions.php 第 1263 行.
SQL: SHOW COLUMNS FROM `workflow_join` [ RunTime:0.0010s ]
SQL: SELECT * FROM `workflow_join` WHERE `cid` = 454 AND `mid` = 58 LIMIT 1   [ RunTime:0.0005s ]

[ 2016-09-29T22:13:06+08:00 ] 127.0.0.1 /Mobile/Client/myCenter/id/454/mid/58
INFO: [ app_init ] --START--
INFO: Run Behavior\BuildLiteBehavior [ RunTime:0.000000s ]
INFO: [ app_init ] --END-- [ RunTime:0.000500s ]
INFO: [ app_begin ] --START--
INFO: Run Behavior\ReadHtmlCacheBehavior [ RunTime:0.000000s ]
INFO: [ app_begin ] --END-- [ RunTime:0.001000s ]
NOTIC: [8] A session had already been started - ignoring session_start() F:\webroot\Meeting\TPFramework\Common\functions.php 第 1263 行.
SQL: SHOW COLUMNS FROM `workflow_join` [ RunTime:0.0010s ]
SQL: SELECT * FROM `workflow_join` WHERE `cid` = 454 AND `mid` = 58 LIMIT 1   [ RunTime:0.0005s ]

[ 2016-09-29T22:13:08+08:00 ] 127.0.0.1 /Mobile/Client/myCenter/id/454/mid/58
INFO: [ app_init ] --START--
INFO: Run Behavior\BuildLiteBehavior [ RunTime:0.000000s ]
INFO: [ app_init ] --END-- [ RunTime:0.000500s ]
INFO: [ app_begin ] --START--
INFO: Run Behavior\ReadHtmlCacheBehavior [ RunTime:0.000000s ]
INFO: [ app_begin ] --END-- [ RunTime:0.001000s ]
NOTIC: [8] A session had already been started - ignoring session_start() F:\webroot\Meeting\TPFramework\Common\functions.php 第 1263 行.
SQL: SHOW COLUMNS FROM `workflow_join` [ RunTime:0.0010s ]
SQL: SELECT * FROM `workflow_join` WHERE `cid` = 454 AND `mid` = 58 LIMIT 1   [ RunTime:0.0005s ]

[ 2016-09-29T22:13:10+08:00 ] 127.0.0.1 /Mobile/Client/myCenter/id/454/mid/58
INFO: [ app_init ] --START--
INFO: Run Behavior\BuildLiteBehavior [ RunTime:0.000000s ]
INFO: [ app_init ] --END-- [ RunTime:0.000500s ]
INFO: [ app_begin ] --START--
INFO: Run Behavior\ReadHtmlCacheBehavior [ RunTime:0.000500s ]
INFO: [ app_begin ] --END-- [ RunTime:0.000500s ]
NOTIC: [8] A session had already been started - ignoring session_start() F:\webroot\Meeting\TPFramework\Common\functions.php 第 1263 行.
SQL: SHOW COLUMNS FROM `workflow_join` [ RunTime:0.0010s ]
SQL: SELECT * FROM `workflow_join` WHERE `cid` = 454 AND `mid` = 58 LIMIT 1   [ RunTime:0.0000s ]

[ 2016-09-29T22:13:12+08:00 ] 127.0.0.1 /Mobile/Client/myCenter/id/454/mid/58
INFO: [ app_init ] --START--
INFO: Run Behavior\BuildLiteBehavior [ RunTime:0.000501s ]
INFO: [ app_init ] --END-- [ RunTime:0.000501s ]
INFO: [ app_begin ] --START--
INFO: Run Behavior\ReadHtmlCacheBehavior [ RunTime:0.000500s ]
INFO: [ app_begin ] --END-- [ RunTime:0.000500s ]
NOTIC: [8] A session had already been started - ignoring session_start() F:\webroot\Meeting\TPFramework\Common\functions.php 第 1263 行.
SQL: SHOW COLUMNS FROM `workflow_join` [ RunTime:0.0005s ]
SQL: SELECT * FROM `workflow_join` WHERE `cid` = 454 AND `mid` = 58 LIMIT 1   [ RunTime:0.0000s ]

[ 2016-09-29T22:13:14+08:00 ] 127.0.0.1 /Mobile/Client/myCenter/id/454/mid/58
INFO: [ app_init ] --START--
INFO: Run Behavior\BuildLiteBehavior [ RunTime:0.000000s ]
INFO: [ app_init ] --END-- [ RunTime:0.000501s ]
INFO: [ app_begin ] --START--
INFO: Run Behavior\ReadHtmlCacheBehavior [ RunTime:0.000000s ]
INFO: [ app_begin ] --END-- [ RunTime:0.000500s ]
NOTIC: [8] A session had already been started - ignoring session_start() F:\webroot\Meeting\TPFramework\Common\functions.php 第 1263 行.
SQL: SHOW COLUMNS FROM `workflow_join` [ RunTime:0.0005s ]
SQL: SELECT * FROM `workflow_join` WHERE `cid` = 454 AND `mid` = 58 LIMIT 1   [ RunTime:0.0005s ]

[ 2016-09-29T22:13:16+08:00 ] 127.0.0.1 /Mobile/Client/myCenter/id/454/mid/58
INFO: [ app_init ] --START--
INFO: Run Behavior\BuildLiteBehavior [ RunTime:0.000500s ]
INFO: [ app_init ] --END-- [ RunTime:0.000500s ]
INFO: [ app_begin ] --START--
INFO: Run Behavior\ReadHtmlCacheBehavior [ RunTime:0.000000s ]
INFO: [ app_begin ] --END-- [ RunTime:0.000500s ]
NOTIC: [8] A session had already been started - ignoring session_start() F:\webroot\Meeting\TPFramework\Common\functions.php 第 1263 行.
SQL: SHOW COLUMNS FROM `workflow_join` [ RunTime:0.0005s ]
SQL: SELECT * FROM `workflow_join` WHERE `cid` = 454 AND `mid` = 58 LIMIT 1   [ RunTime:0.0005s ]

[ 2016-09-29T22:13:18+08:00 ] 127.0.0.1 /Mobile/Client/myCenter/id/454/mid/58
INFO: [ app_init ] --START--
INFO: Run Behavior\BuildLiteBehavior [ RunTime:0.000000s ]
INFO: [ app_init ] --END-- [ RunTime:0.000500s ]
INFO: [ app_begin ] --START--
INFO: Run Behavior\ReadHtmlCacheBehavior [ RunTime:0.000500s ]
INFO: [ app_begin ] --END-- [ RunTime:0.000500s ]
NOTIC: [8] A session had already been started - ignoring session_start() F:\webroot\Meeting\TPFramework\Common\functions.php 第 1263 行.
SQL: SHOW COLUMNS FROM `workflow_join` [ RunTime:0.0005s ]
SQL: SELECT * FROM `workflow_join` WHERE `cid` = 454 AND `mid` = 58 LIMIT 1   [ RunTime:0.0005s ]

[ 2016-09-29T22:13:20+08:00 ] 127.0.0.1 /Mobile/Client/myCenter/id/454/mid/58
INFO: [ app_init ] --START--
INFO: Run Behavior\BuildLiteBehavior [ RunTime:0.000000s ]
INFO: [ app_init ] --END-- [ RunTime:0.000000s ]
INFO: [ app_begin ] --START--
INFO: Run Behavior\ReadHtmlCacheBehavior [ RunTime:0.000500s ]
INFO: [ app_begin ] --END-- [ RunTime:0.000500s ]
NOTIC: [8] A session had already been started - ignoring session_start() F:\webroot\Meeting\TPFramework\Common\functions.php 第 1263 行.
SQL: SHOW COLUMNS FROM `workflow_join` [ RunTime:0.0005s ]
SQL: SELECT * FROM `workflow_join` WHERE `cid` = 454 AND `mid` = 58 LIMIT 1   [ RunTime:0.0005s ]

[ 2016-09-29T22:13:22+08:00 ] 127.0.0.1 /Mobile/Client/myCenter/id/454/mid/58
INFO: [ app_init ] --START--
INFO: Run Behavior\BuildLiteBehavior [ RunTime:0.000000s ]
INFO: [ app_init ] --END-- [ RunTime:0.000501s ]
INFO: [ app_begin ] --START--
INFO: Run Behavior\ReadHtmlCacheBehavior [ RunTime:0.000000s ]
INFO: [ app_begin ] --END-- [ RunTime:0.000500s ]
NOTIC: [8] A session had already been started - ignoring session_start() F:\webroot\Meeting\TPFramework\Common\functions.php 第 1263 行.
SQL: SHOW COLUMNS FROM `workflow_join` [ RunTime:0.0010s ]
SQL: SELECT * FROM `workflow_join` WHERE `cid` = 454 AND `mid` = 58 LIMIT 1   [ RunTime:0.0005s ]

[ 2016-09-29T22:13:24+08:00 ] 127.0.0.1 /Mobile/Client/myCenter/id/454/mid/58
INFO: [ app_init ] --START--
INFO: Run Behavior\BuildLiteBehavior [ RunTime:0.000000s ]
INFO: [ app_init ] --END-- [ RunTime:0.000500s ]
INFO: [ app_begin ] --START--
INFO: Run Behavior\ReadHtmlCacheBehavior [ RunTime:0.000000s ]
INFO: [ app_begin ] --END-- [ RunTime:0.000500s ]
NOTIC: [8] A session had already been started - ignoring session_start() F:\webroot\Meeting\TPFramework\Common\functions.php 第 1263 行.
SQL: SHOW COLUMNS FROM `workflow_join` [ RunTime:0.0005s ]
SQL: SELECT * FROM `workflow_join` WHERE `cid` = 454 AND `mid` = 58 LIMIT 1   [ RunTime:0.0000s ]

[ 2016-09-29T22:13:26+08:00 ] 127.0.0.1 /Mobile/Client/myCenter/id/454/mid/58
INFO: [ app_init ] --START--
INFO: Run Behavior\BuildLiteBehavior [ RunTime:0.000000s ]
INFO: [ app_init ] --END-- [ RunTime:0.000500s ]
INFO: [ app_begin ] --START--
INFO: Run Behavior\ReadHtmlCacheBehavior [ RunTime:0.001000s ]
INFO: [ app_begin ] --END-- [ RunTime:0.001000s ]
NOTIC: [8] A session had already been started - ignoring session_start() F:\webroot\Meeting\TPFramework\Common\functions.php 第 1263 行.
SQL: SHOW COLUMNS FROM `workflow_join` [ RunTime:0.0005s ]
SQL: SELECT * FROM `workflow_join` WHERE `cid` = 454 AND `mid` = 58 LIMIT 1   [ RunTime:0.0005s ]

[ 2016-09-29T22:13:28+08:00 ] 127.0.0.1 /Mobile/Client/myCenter/id/454/mid/58
INFO: [ app_init ] --START--
INFO: Run Behavior\BuildLiteBehavior [ RunTime:0.000000s ]
INFO: [ app_init ] --END-- [ RunTime:0.001000s ]
INFO: [ app_begin ] --START--
INFO: Run Behavior\ReadHtmlCacheBehavior [ RunTime:0.001000s ]
INFO: [ app_begin ] --END-- [ RunTime:0.001000s ]
NOTIC: [8] A session had already been started - ignoring session_start() F:\webroot\Meeting\TPFramework\Common\functions.php 第 1263 行.
SQL: SHOW COLUMNS FROM `workflow_join` [ RunTime:0.0005s ]
SQL: SELECT * FROM `workflow_join` WHERE `cid` = 454 AND `mid` = 58 LIMIT 1   [ RunTime:0.0030s ]

[ 2016-09-29T22:13:30+08:00 ] 127.0.0.1 /Mobile/Client/myCenter/id/454/mid/58
INFO: [ app_init ] --START--
INFO: Run Behavior\BuildLiteBehavior [ RunTime:0.000500s ]
INFO: [ app_init ] --END-- [ RunTime:0.000500s ]
INFO: [ app_begin ] --START--
INFO: Run Behavior\ReadHtmlCacheBehavior [ RunTime:0.000000s ]
INFO: [ app_begin ] --END-- [ RunTime:0.001001s ]
NOTIC: [8] A session had already been started - ignoring session_start() F:\webroot\Meeting\TPFramework\Common\functions.php 第 1263 行.
SQL: SHOW COLUMNS FROM `workflow_join` [ RunTime:0.0010s ]
SQL: SELECT * FROM `workflow_join` WHERE `cid` = 454 AND `mid` = 58 LIMIT 1   [ RunTime:0.0005s ]

[ 2016-09-29T22:13:32+08:00 ] 127.0.0.1 /Mobile/Client/myCenter/id/454/mid/58
INFO: [ app_init ] --START--
INFO: Run Behavior\BuildLiteBehavior [ RunTime:0.000000s ]
INFO: [ app_init ] --END-- [ RunTime:0.000500s ]
INFO: [ app_begin ] --START--
INFO: Run Behavior\ReadHtmlCacheBehavior [ RunTime:0.000501s ]
INFO: [ app_begin ] --END-- [ RunTime:0.000501s ]
NOTIC: [8] A session had already been started - ignoring session_start() F:\webroot\Meeting\TPFramework\Common\functions.php 第 1263 行.
SQL: SHOW COLUMNS FROM `workflow_join` [ RunTime:0.0005s ]
SQL: SELECT * FROM `workflow_join` WHERE `cid` = 454 AND `mid` = 58 LIMIT 1   [ RunTime:0.0005s ]

[ 2016-09-29T22:13:34+08:00 ] 127.0.0.1 /Mobile/Client/myCenter/id/454/mid/58
INFO: [ app_init ] --START--
INFO: Run Behavior\BuildLiteBehavior [ RunTime:0.000000s ]
INFO: [ app_init ] --END-- [ RunTime:0.000500s ]
INFO: [ app_begin ] --START--
INFO: Run Behavior\ReadHtmlCacheBehavior [ RunTime:0.000500s ]
INFO: [ app_begin ] --END-- [ RunTime:0.000500s ]
NOTIC: [8] A session had already been started - ignoring session_start() F:\webroot\Meeting\TPFramework\Common\functions.php 第 1263 行.
SQL: SHOW COLUMNS FROM `workflow_join` [ RunTime:0.0010s ]
SQL: SELECT * FROM `workflow_join` WHERE `cid` = 454 AND `mid` = 58 LIMIT 1   [ RunTime:0.0000s ]

[ 2016-09-29T22:13:36+08:00 ] 127.0.0.1 /Mobile/Client/myCenter/id/454/mid/58
INFO: [ app_init ] --START--
INFO: Run Behavior\BuildLiteBehavior [ RunTime:0.000000s ]
INFO: [ app_init ] --END-- [ RunTime:0.000500s ]
INFO: [ app_begin ] --START--
INFO: Run Behavior\ReadHtmlCacheBehavior [ RunTime:0.000500s ]
INFO: [ app_begin ] --END-- [ RunTime:0.000500s ]
NOTIC: [8] A session had already been started - ignoring session_start() F:\webroot\Meeting\TPFramework\Common\functions.php 第 1263 行.
SQL: SHOW COLUMNS FROM `workflow_join` [ RunTime:0.0010s ]
SQL: SELECT * FROM `workflow_join` WHERE `cid` = 454 AND `mid` = 58 LIMIT 1   [ RunTime:0.0000s ]

[ 2016-09-29T22:13:38+08:00 ] 127.0.0.1 /Mobile/Client/myCenter/id/454/mid/58
INFO: [ app_init ] --START--
INFO: Run Behavior\BuildLiteBehavior [ RunTime:0.000000s ]
INFO: [ app_init ] --END-- [ RunTime:0.000500s ]
INFO: [ app_begin ] --START--
INFO: Run Behavior\ReadHtmlCacheBehavior [ RunTime:0.000000s ]
INFO: [ app_begin ] --END-- [ RunTime:0.000500s ]
NOTIC: [8] A session had already been started - ignoring session_start() F:\webroot\Meeting\TPFramework\Common\functions.php 第 1263 行.
SQL: SHOW COLUMNS FROM `workflow_join` [ RunTime:0.0005s ]
SQL: SELECT * FROM `workflow_join` WHERE `cid` = 454 AND `mid` = 58 LIMIT 1   [ RunTime:0.0005s ]

[ 2016-09-29T22:13:40+08:00 ] 127.0.0.1 /Mobile/Client/myCenter/id/454/mid/58
INFO: [ app_init ] --START--
INFO: Run Behavior\BuildLiteBehavior [ RunTime:0.000000s ]
INFO: [ app_init ] --END-- [ RunTime:0.000000s ]
INFO: [ app_begin ] --START--
INFO: Run Behavior\ReadHtmlCacheBehavior [ RunTime:0.000500s ]
INFO: [ app_begin ] --END-- [ RunTime:0.000500s ]
NOTIC: [8] A session had already been started - ignoring session_start() F:\webroot\Meeting\TPFramework\Common\functions.php 第 1263 行.
SQL: SHOW COLUMNS FROM `workflow_join` [ RunTime:0.0005s ]
SQL: SELECT * FROM `workflow_join` WHERE `cid` = 454 AND `mid` = 58 LIMIT 1   [ RunTime:0.0000s ]

