[ 2016-10-19T15:54:47+08:00 ] 127.0.0.1 /Mobile/Client/myCenter/id/527/mid/38.aspx
INFO: [ app_init ] --START--
INFO: Run Behavior\BuildLiteBehavior [ RunTime:0.000000s ]
INFO: [ app_init ] --END-- [ RunTime:0.000000s ]
INFO: [ app_begin ] --START--
INFO: Run Behavior\ReadHtmlCacheBehavior [ RunTime:0.000000s ]
INFO: [ app_begin ] --END-- [ RunTime:0.000000s ]
NOTIC: [8] A session had already been started - ignoring session_start() F:\webroot\Meeting\TPFramework\Common\functions.php 第 1263 行.
SQL: SHOW COLUMNS FROM `user_weixin_id` [ RunTime:0.0020s ]
SQL: SHOW COLUMNS FROM `workflow_meeting` [ RunTime:0.0020s ]
SQL: SHOW COLUMNS FROM `workflow_join` [ RunTime:0.0020s ]
SQL: SELECT sub.*,`registration_date`,`review_status`,`review_time`,`sign_time`,`sign_status`,`sign_type`,`sign_qrcode`,`sign_code`,`print_status`,`print_times`,main.id id,sub.id cid,`mid` FROM workflow_join main join user_client sub on main.cid = sub.id  WHERE main.id = 527 AND `mid` = 38 LIMIT 1   [ RunTime:0.0010s ]
SQL: SELECT * FROM `user_weixin_id` LIMIT 1   [ RunTime:0.0010s ]
SQL: SELECT * FROM `workflow_meeting` LIMIT 1   [ RunTime:0.0010s ]

[ 2016-10-19T15:56:19+08:00 ] 127.0.0.1 /Mobile/Client/myCenter/id/527/mid/38.aspx
INFO: [ app_init ] --START--
INFO: Run Behavior\BuildLiteBehavior [ RunTime:0.000000s ]
INFO: [ app_init ] --END-- [ RunTime:0.001000s ]
INFO: [ app_begin ] --START--
INFO: Run Behavior\ReadHtmlCacheBehavior [ RunTime:0.001000s ]
INFO: [ app_begin ] --END-- [ RunTime:0.001000s ]
NOTIC: [8] A session had already been started - ignoring session_start() F:\webroot\Meeting\TPFramework\Common\functions.php 第 1263 行.
SQL: SHOW COLUMNS FROM `user_weixin_id` [ RunTime:0.0010s ]
SQL: SHOW COLUMNS FROM `workflow_meeting` [ RunTime:0.0020s ]
SQL: SHOW COLUMNS FROM `workflow_join` [ RunTime:0.0020s ]
SQL: SELECT sub.*,`registration_date`,`review_status`,`review_time`,`sign_time`,`sign_status`,`sign_type`,`sign_qrcode`,`sign_code`,`print_status`,`print_times`,main.id id,sub.id cid,`mid` FROM workflow_join main join user_client sub on main.cid = sub.id  WHERE sub.id = 527 AND `mid` = 38 LIMIT 1   [ RunTime:0.0010s ]
SQL: SELECT * FROM `user_weixin_id` WHERE `mobile` = '13169211271' LIMIT 1   [ RunTime:0.0010s ]
SQL: SELECT * FROM `workflow_meeting` WHERE `id` = 38 LIMIT 1   [ RunTime:0.0010s ]

